{"/Users/ganapolsky_i/workspace/git/igor/mcp-memory-gateway/scripts/gates-engine.js": {"path":"/Users/ganapolsky_i/workspace/git/igor/mcp-memory-gateway/scripts/gates-engine.js","statementMap":{"0":{"start":{"line":4,"column":11},"end":{"line":4,"column":24}},"1":{"start":{"line":5,"column":13},"end":{"line":5,"column":28}},"2":{"start":{"line":6,"column":15},"end":{"line":6,"column":32}},"3":{"start":{"line":7,"column":21},"end":{"line":7,"column":45}},"4":{"start":{"line":9,"column":43},"end":{"line":9,"column":68}},"5":{"start":{"line":16,"column":2},"end":{"line":36,"column":3}},"6":{"start":{"line":17,"column":4},"end":{"line":17,"column":30}},"7":{"start":{"line":17,"column":18},"end":{"line":17,"column":30}},"8":{"start":{"line":18,"column":22},"end":{"line":18,"column":52}},"9":{"start":{"line":19,"column":4},"end":{"line":19,"column":32}},"10":{"start":{"line":19,"column":20},"end":{"line":19,"column":32}},"11":{"start":{"line":23,"column":4},"end":{"line":28,"column":5}},"12":{"start":{"line":24,"column":6},"end":{"line":24,"column":114}},"13":{"start":{"line":27,"column":6},"end":{"line":27,"column":63}},"14":{"start":{"line":30,"column":4},"end":{"line":30,"column":95}},"15":{"start":{"line":30,"column":83},"end":{"line":30,"column":95}},"16":{"start":{"line":32,"column":19},"end":{"line":32,"column":44}},"17":{"start":{"line":33,"column":4},"end":{"line":33,"column":68}},"18":{"start":{"line":35,"column":4},"end":{"line":35,"column":16}},"19":{"start":{"line":42,"column":4},"end":{"line":42,"column":31}},"20":{"start":{"line":43,"column":29},"end":{"line":43,"column":60}},"21":{"start":{"line":44,"column":46},"end":{"line":44,"column":70}},"22":{"start":{"line":46,"column":28},"end":{"line":46,"column":89}},"23":{"start":{"line":47,"column":33},"end":{"line":47,"column":105}},"24":{"start":{"line":48,"column":19},"end":{"line":48,"column":84}},"25":{"start":{"line":49,"column":25},"end":{"line":49,"column":99}},"26":{"start":{"line":50,"column":19},"end":{"line":50,"column":84}},"27":{"start":{"line":51,"column":29},"end":{"line":51,"column":99}},"28":{"start":{"line":52,"column":32},"end":{"line":52,"column":105}},"29":{"start":{"line":53,"column":15},"end":{"line":53,"column":28}},"30":{"start":{"line":54,"column":30},"end":{"line":54,"column":44}},"31":{"start":{"line":61,"column":22},"end":{"line":61,"column":88}},"32":{"start":{"line":63,"column":2},"end":{"line":65,"column":3}},"33":{"start":{"line":64,"column":4},"end":{"line":64,"column":62}},"34":{"start":{"line":67,"column":23},"end":{"line":67,"column":48}},"35":{"start":{"line":69,"column":18},"end":{"line":83,"column":3}},"36":{"start":{"line":70,"column":4},"end":{"line":82,"column":5}},"37":{"start":{"line":71,"column":18},"end":{"line":71,"column":44}},"38":{"start":{"line":72,"column":21},"end":{"line":72,"column":36}},"39":{"start":{"line":73,"column":6},"end":{"line":76,"column":7}},"40":{"start":{"line":74,"column":8},"end":{"line":74,"column":86}},"41":{"start":{"line":74,"column":23},"end":{"line":74,"column":86}},"42":{"start":{"line":75,"column":8},"end":{"line":75,"column":15}},"43":{"start":{"line":77,"column":6},"end":{"line":77,"column":26}},"44":{"start":{"line":79,"column":6},"end":{"line":79,"column":29}},"45":{"start":{"line":79,"column":21},"end":{"line":79,"column":29}},"46":{"start":{"line":80,"column":6},"end":{"line":80,"column":77}},"47":{"start":{"line":81,"column":6},"end":{"line":81,"column":16}},"48":{"start":{"line":85,"column":23},"end":{"line":85,"column":101}},"49":{"start":{"line":85,"column":60},"end":{"line":85,"column":99}},"50":{"start":{"line":86,"column":2},"end":{"line":86,"column":43}},"51":{"start":{"line":90,"column":25},"end":{"line":90,"column":43}},"52":{"start":{"line":91,"column":2},"end":{"line":97,"column":3}},"53":{"start":{"line":92,"column":22},"end":{"line":92,"column":104}},"54":{"start":{"line":92,"column":63},"end":{"line":92,"column":102}},"55":{"start":{"line":93,"column":29},"end":{"line":95,"column":47}},"56":{"start":{"line":96,"column":4},"end":{"line":96,"column":49}},"57":{"start":{"line":99,"column":2},"end":{"line":99,"column":22}},"58":{"start":{"line":107,"column":2},"end":{"line":107,"column":42}},"59":{"start":{"line":107,"column":32},"end":{"line":107,"column":42}},"60":{"start":{"line":108,"column":2},"end":{"line":112,"column":3}},"61":{"start":{"line":109,"column":4},"end":{"line":109,"column":57}},"62":{"start":{"line":111,"column":4},"end":{"line":111,"column":14}},"63":{"start":{"line":116,"column":2},"end":{"line":116,"column":60}},"64":{"start":{"line":117,"column":2},"end":{"line":117,"column":67}},"65":{"start":{"line":120,"column":23},"end":{"line":120,"column":66}},"66":{"start":{"line":121,"column":28},"end":{"line":121,"column":71}},"67":{"start":{"line":123,"column":29},"end":{"line":123,"column":78}},"68":{"start":{"line":124,"column":40},"end":{"line":124,"column":95}},"69":{"start":{"line":127,"column":22},"end":{"line":127,"column":39}},"70":{"start":{"line":128,"column":2},"end":{"line":131,"column":4}},"71":{"start":{"line":132,"column":2},"end":{"line":132,"column":31}},"72":{"start":{"line":133,"column":2},"end":{"line":133,"column":26}},"73":{"start":{"line":137,"column":16},"end":{"line":137,"column":27}},"74":{"start":{"line":138,"column":16},"end":{"line":138,"column":34}},"75":{"start":{"line":139,"column":2},"end":{"line":139,"column":27}},"76":{"start":{"line":139,"column":14},"end":{"line":139,"column":27}},"77":{"start":{"line":140,"column":14},"end":{"line":140,"column":42}},"78":{"start":{"line":141,"column":2},"end":{"line":141,"column":22}},"79":{"start":{"line":145,"column":16},"end":{"line":145,"column":27}},"80":{"start":{"line":146,"column":16},"end":{"line":149,"column":3}},"81":{"start":{"line":150,"column":2},"end":{"line":157,"column":3}},"82":{"start":{"line":151,"column":4},"end":{"line":156,"column":6}},"83":{"start":{"line":158,"column":2},"end":{"line":158,"column":29}},"84":{"start":{"line":159,"column":2},"end":{"line":159,"column":19}},"85":{"start":{"line":160,"column":2},"end":{"line":160,"column":15}},"86":{"start":{"line":168,"column":16},"end":{"line":168,"column":51}},"87":{"start":{"line":169,"column":2},"end":{"line":169,"column":95}},"88":{"start":{"line":169,"column":39},"end":{"line":169,"column":95}},"89":{"start":{"line":170,"column":2},"end":{"line":170,"column":15}},"90":{"start":{"line":173,"column":28},"end":{"line":173,"column":71}},"91":{"start":{"line":176,"column":16},"end":{"line":176,"column":27}},"92":{"start":{"line":177,"column":2},"end":{"line":179,"column":46}},"93":{"start":{"line":177,"column":26},"end":{"line":177,"column":67}},"94":{"start":{"line":178,"column":7},"end":{"line":179,"column":46}},"95":{"start":{"line":178,"column":30},"end":{"line":178,"column":69}},"96":{"start":{"line":179,"column":7},"end":{"line":179,"column":46}},"97":{"start":{"line":180,"column":2},"end":{"line":180,"column":39}},"98":{"start":{"line":180,"column":21},"end":{"line":180,"column":39}},"99":{"start":{"line":181,"column":2},"end":{"line":181,"column":78}},"100":{"start":{"line":181,"column":29},"end":{"line":181,"column":78}},"101":{"start":{"line":182,"column":2},"end":{"line":183,"column":63}},"102":{"start":{"line":182,"column":26},"end":{"line":182,"column":60}},"103":{"start":{"line":183,"column":7},"end":{"line":183,"column":63}},"104":{"start":{"line":183,"column":30},"end":{"line":183,"column":63}},"105":{"start":{"line":184,"column":2},"end":{"line":184,"column":19}},"106":{"start":{"line":202,"column":16},"end":{"line":202,"column":18}},"107":{"start":{"line":203,"column":15},"end":{"line":203,"column":79}},"108":{"start":{"line":206,"column":2},"end":{"line":206,"column":105}},"109":{"start":{"line":209,"column":2},"end":{"line":209,"column":127}},"110":{"start":{"line":212,"column":2},"end":{"line":217,"column":3}},"111":{"start":{"line":213,"column":20},"end":{"line":213,"column":81}},"112":{"start":{"line":214,"column":4},"end":{"line":214,"column":95}},"113":{"start":{"line":216,"column":4},"end":{"line":216,"column":52}},"114":{"start":{"line":220,"column":2},"end":{"line":223,"column":3}},"115":{"start":{"line":221,"column":17},"end":{"line":221,"column":94}},"116":{"start":{"line":221,"column":71},"end":{"line":221,"column":82}},"117":{"start":{"line":222,"column":4},"end":{"line":222,"column":59}},"118":{"start":{"line":226,"column":2},"end":{"line":228,"column":3}},"119":{"start":{"line":227,"column":4},"end":{"line":227,"column":90}},"120":{"start":{"line":231,"column":2},"end":{"line":234,"column":3}},"121":{"start":{"line":232,"column":14},"end":{"line":232,"column":26}},"122":{"start":{"line":233,"column":4},"end":{"line":233,"column":97}},"123":{"start":{"line":237,"column":16},"end":{"line":237,"column":27}},"124":{"start":{"line":238,"column":20},"end":{"line":238,"column":57}},"125":{"start":{"line":239,"column":2},"end":{"line":241,"column":3}},"126":{"start":{"line":240,"column":4},"end":{"line":240,"column":96}},"127":{"start":{"line":243,"column":2},"end":{"line":243,"column":15}},"128":{"start":{"line":251,"column":2},"end":{"line":251,"column":46}},"129":{"start":{"line":251,"column":34},"end":{"line":251,"column":46}},"130":{"start":{"line":253,"column":2},"end":{"line":258,"column":3}},"131":{"start":{"line":254,"column":23},"end":{"line":254,"column":39}},"132":{"start":{"line":255,"column":4},"end":{"line":257,"column":5}},"133":{"start":{"line":256,"column":6},"end":{"line":256,"column":19}},"134":{"start":{"line":259,"column":2},"end":{"line":259,"column":14}},"135":{"start":{"line":264,"column":15},"end":{"line":264,"column":79}},"136":{"start":{"line":267,"column":2},"end":{"line":272,"column":3}},"137":{"start":{"line":268,"column":18},"end":{"line":268,"column":42}},"138":{"start":{"line":269,"column":4},"end":{"line":269,"column":40}},"139":{"start":{"line":269,"column":27},"end":{"line":269,"column":40}},"140":{"start":{"line":271,"column":4},"end":{"line":271,"column":17}},"141":{"start":{"line":276,"column":2},"end":{"line":279,"column":3}},"142":{"start":{"line":277,"column":23},"end":{"line":277,"column":63}},"143":{"start":{"line":278,"column":4},"end":{"line":278,"column":58}},"144":{"start":{"line":278,"column":45},"end":{"line":278,"column":58}},"145":{"start":{"line":281,"column":2},"end":{"line":281,"column":14}},"146":{"start":{"line":285,"column":2},"end":{"line":285,"column":36}},"147":{"start":{"line":285,"column":24},"end":{"line":285,"column":36}},"148":{"start":{"line":286,"column":33},"end":{"line":286,"column":60}},"149":{"start":{"line":287,"column":18},"end":{"line":287,"column":87}},"150":{"start":{"line":288,"column":16},"end":{"line":288,"column":53}},"151":{"start":{"line":290,"column":2},"end":{"line":290,"column":39}},"152":{"start":{"line":290,"column":27},"end":{"line":290,"column":39}},"153":{"start":{"line":292,"column":2},"end":{"line":292,"column":85}},"154":{"start":{"line":292,"column":72},"end":{"line":292,"column":85}},"155":{"start":{"line":293,"column":2},"end":{"line":293,"column":85}},"156":{"start":{"line":293,"column":72},"end":{"line":293,"column":85}},"157":{"start":{"line":295,"column":2},"end":{"line":295,"column":14}},"158":{"start":{"line":300,"column":2},"end":{"line":304,"column":3}},"159":{"start":{"line":301,"column":4},"end":{"line":301,"column":41}},"160":{"start":{"line":303,"column":4},"end":{"line":303,"column":16}},"161":{"start":{"line":306,"column":22},"end":{"line":306,"column":39}},"162":{"start":{"line":309,"column":28},"end":{"line":309,"column":116}},"163":{"start":{"line":310,"column":22},"end":{"line":310,"column":58}},"164":{"start":{"line":312,"column":2},"end":{"line":362,"column":3}},"165":{"start":{"line":313,"column":4},"end":{"line":313,"column":58}},"166":{"start":{"line":313,"column":49},"end":{"line":313,"column":58}},"167":{"start":{"line":316,"column":4},"end":{"line":318,"column":5}},"168":{"start":{"line":317,"column":6},"end":{"line":317,"column":15}},"169":{"start":{"line":321,"column":23},"end":{"line":321,"column":28}},"170":{"start":{"line":322,"column":4},"end":{"line":338,"column":5}},"171":{"start":{"line":323,"column":6},"end":{"line":326,"column":7}},"172":{"start":{"line":325,"column":8},"end":{"line":325,"column":17}},"173":{"start":{"line":327,"column":27},"end":{"line":330,"column":8}},"174":{"start":{"line":329,"column":31},"end":{"line":329,"column":104}},"175":{"start":{"line":329,"column":48},"end":{"line":329,"column":97}},"176":{"start":{"line":332,"column":28},"end":{"line":332,"column":95}},"177":{"start":{"line":333,"column":6},"end":{"line":337,"column":7}},"178":{"start":{"line":334,"column":8},"end":{"line":334,"column":28}},"179":{"start":{"line":336,"column":8},"end":{"line":336,"column":17}},"180":{"start":{"line":341,"column":4},"end":{"line":343,"column":5}},"181":{"start":{"line":342,"column":6},"end":{"line":342,"column":15}},"182":{"start":{"line":345,"column":22},"end":{"line":345,"column":81}},"183":{"start":{"line":347,"column":4},"end":{"line":353,"column":5}},"184":{"start":{"line":348,"column":6},"end":{"line":348,"column":35}},"185":{"start":{"line":349,"column":21},"end":{"line":349,"column":115}},"186":{"start":{"line":350,"column":26},"end":{"line":350,"column":174}},"187":{"start":{"line":351,"column":6},"end":{"line":351,"column":35}},"188":{"start":{"line":352,"column":6},"end":{"line":352,"column":20}},"189":{"start":{"line":355,"column":4},"end":{"line":361,"column":5}},"190":{"start":{"line":356,"column":6},"end":{"line":356,"column":34}},"191":{"start":{"line":357,"column":21},"end":{"line":357,"column":115}},"192":{"start":{"line":358,"column":26},"end":{"line":358,"column":174}},"193":{"start":{"line":359,"column":6},"end":{"line":359,"column":35}},"194":{"start":{"line":360,"column":6},"end":{"line":360,"column":20}},"195":{"start":{"line":365,"column":2},"end":{"line":365,"column":87}},"196":{"start":{"line":366,"column":2},"end":{"line":366,"column":14}},"197":{"start":{"line":371,"column":2},"end":{"line":376,"column":3}},"198":{"start":{"line":372,"column":4},"end":{"line":372,"column":41}},"199":{"start":{"line":375,"column":4},"end":{"line":375,"column":16}},"200":{"start":{"line":378,"column":22},"end":{"line":378,"column":39}},"201":{"start":{"line":380,"column":2},"end":{"line":410,"column":3}},"202":{"start":{"line":381,"column":4},"end":{"line":381,"column":58}},"203":{"start":{"line":381,"column":49},"end":{"line":381,"column":58}},"204":{"start":{"line":384,"column":4},"end":{"line":386,"column":5}},"205":{"start":{"line":385,"column":6},"end":{"line":385,"column":15}},"206":{"start":{"line":389,"column":4},"end":{"line":391,"column":5}},"207":{"start":{"line":390,"column":6},"end":{"line":390,"column":15}},"208":{"start":{"line":393,"column":22},"end":{"line":393,"column":63}},"209":{"start":{"line":395,"column":4},"end":{"line":401,"column":5}},"210":{"start":{"line":396,"column":6},"end":{"line":396,"column":35}},"211":{"start":{"line":397,"column":21},"end":{"line":397,"column":115}},"212":{"start":{"line":398,"column":26},"end":{"line":398,"column":174}},"213":{"start":{"line":399,"column":6},"end":{"line":399,"column":35}},"214":{"start":{"line":400,"column":6},"end":{"line":400,"column":20}},"215":{"start":{"line":403,"column":4},"end":{"line":409,"column":5}},"216":{"start":{"line":404,"column":6},"end":{"line":404,"column":34}},"217":{"start":{"line":405,"column":21},"end":{"line":405,"column":115}},"218":{"start":{"line":406,"column":26},"end":{"line":406,"column":174}},"219":{"start":{"line":407,"column":6},"end":{"line":407,"column":35}},"220":{"start":{"line":408,"column":6},"end":{"line":408,"column":20}},"221":{"start":{"line":413,"column":2},"end":{"line":413,"column":87}},"222":{"start":{"line":414,"column":2},"end":{"line":414,"column":14}},"223":{"start":{"line":418,"column":2},"end":{"line":437,"column":4}},"224":{"start":{"line":428,"column":54},"end":{"line":435,"column":7}},"225":{"start":{"line":441,"column":2},"end":{"line":445,"column":3}},"226":{"start":{"line":442,"column":4},"end":{"line":442,"column":38}},"227":{"start":{"line":444,"column":4},"end":{"line":444,"column":16}},"228":{"start":{"line":449,"column":23},"end":{"line":449,"column":46}},"229":{"start":{"line":450,"column":2},"end":{"line":452,"column":3}},"230":{"start":{"line":451,"column":4},"end":{"line":451,"column":11}},"231":{"start":{"line":454,"column":19},"end":{"line":454,"column":65}},"232":{"start":{"line":455,"column":20},"end":{"line":455,"column":100}},"233":{"start":{"line":456,"column":19},"end":{"line":456,"column":86}},"234":{"start":{"line":457,"column":18},"end":{"line":457,"column":80}},"235":{"start":{"line":458,"column":22},"end":{"line":464,"column":17}},"236":{"start":{"line":466,"column":2},"end":{"line":495,"column":5}},"237":{"start":{"line":481,"column":56},"end":{"line":490,"column":7}},"238":{"start":{"line":492,"column":8},"end":{"line":492,"column":130}},"239":{"start":{"line":499,"column":21},"end":{"line":499,"column":41}},"240":{"start":{"line":500,"column":2},"end":{"line":502,"column":3}},"241":{"start":{"line":501,"column":4},"end":{"line":501,"column":16}},"242":{"start":{"line":503,"column":2},"end":{"line":503,"column":45}},"243":{"start":{"line":504,"column":2},"end":{"line":504,"column":43}},"244":{"start":{"line":505,"column":17},"end":{"line":505,"column":51}},"245":{"start":{"line":507,"column":22},"end":{"line":515,"column":4}},"246":{"start":{"line":516,"column":2},"end":{"line":516,"column":31}},"247":{"start":{"line":517,"column":2},"end":{"line":517,"column":16}},"248":{"start":{"line":525,"column":2},"end":{"line":528,"column":3}},"249":{"start":{"line":527,"column":4},"end":{"line":527,"column":30}},"250":{"start":{"line":530,"column":26},"end":{"line":532,"column":8}},"251":{"start":{"line":534,"column":2},"end":{"line":541,"column":3}},"252":{"start":{"line":535,"column":4},"end":{"line":540,"column":7}},"253":{"start":{"line":543,"column":2},"end":{"line":549,"column":3}},"254":{"start":{"line":544,"column":4},"end":{"line":548,"column":7}},"255":{"start":{"line":551,"column":2},"end":{"line":551,"column":28}},"256":{"start":{"line":555,"column":22},"end":{"line":555,"column":48}},"257":{"start":{"line":556,"column":2},"end":{"line":558,"column":3}},"258":{"start":{"line":557,"column":4},"end":{"line":557,"column":37}},"259":{"start":{"line":560,"column":19},"end":{"line":560,"column":40}},"260":{"start":{"line":561,"column":20},"end":{"line":561,"column":42}},"261":{"start":{"line":562,"column":17},"end":{"line":562,"column":62}},"262":{"start":{"line":563,"column":2},"end":{"line":563,"column":30}},"263":{"start":{"line":567,"column":22},"end":{"line":567,"column":48}},"264":{"start":{"line":568,"column":2},"end":{"line":570,"column":3}},"265":{"start":{"line":569,"column":4},"end":{"line":569,"column":37}},"266":{"start":{"line":572,"column":19},"end":{"line":572,"column":40}},"267":{"start":{"line":573,"column":20},"end":{"line":573,"column":42}},"268":{"start":{"line":574,"column":17},"end":{"line":574,"column":51}},"269":{"start":{"line":575,"column":2},"end":{"line":575,"column":30}},"270":{"start":{"line":583,"column":18},"end":{"line":583,"column":63}},"271":{"start":{"line":584,"column":14},"end":{"line":584,"column":24}},"272":{"start":{"line":585,"column":16},"end":{"line":585,"column":18}},"273":{"start":{"line":587,"column":2},"end":{"line":591,"column":3}},"274":{"start":{"line":588,"column":4},"end":{"line":588,"column":54}},"275":{"start":{"line":588,"column":45},"end":{"line":588,"column":54}},"276":{"start":{"line":589,"column":4},"end":{"line":589,"column":87}},"277":{"start":{"line":589,"column":78},"end":{"line":589,"column":87}},"278":{"start":{"line":590,"column":4},"end":{"line":590,"column":23}},"279":{"start":{"line":593,"column":2},"end":{"line":595,"column":3}},"280":{"start":{"line":594,"column":4},"end":{"line":594,"column":30}},"281":{"start":{"line":597,"column":2},"end":{"line":597,"column":15}},"282":{"start":{"line":601,"column":2},"end":{"line":601,"column":57}},"283":{"start":{"line":605,"column":29},"end":{"line":605,"column":58}},"284":{"start":{"line":606,"column":2},"end":{"line":608,"column":3}},"285":{"start":{"line":607,"column":4},"end":{"line":607,"column":44}},"286":{"start":{"line":609,"column":2},"end":{"line":611,"column":3}},"287":{"start":{"line":610,"column":4},"end":{"line":610,"column":64}},"288":{"start":{"line":613,"column":18},"end":{"line":613,"column":38}},"289":{"start":{"line":614,"column":2},"end":{"line":617,"column":4}},"290":{"start":{"line":618,"column":2},"end":{"line":618,"column":30}},"291":{"start":{"line":619,"column":2},"end":{"line":619,"column":37}},"292":{"start":{"line":623,"column":29},"end":{"line":623,"column":58}},"293":{"start":{"line":624,"column":2},"end":{"line":624,"column":40}},"294":{"start":{"line":624,"column":27},"end":{"line":624,"column":40}},"295":{"start":{"line":625,"column":18},"end":{"line":625,"column":38}},"296":{"start":{"line":626,"column":2},"end":{"line":626,"column":46}},"297":{"start":{"line":630,"column":2},"end":{"line":630,"column":30}},"298":{"start":{"line":634,"column":2},"end":{"line":634,"column":25}},"299":{"start":{"line":638,"column":2},"end":{"line":641,"column":3}},"300":{"start":{"line":639,"column":4},"end":{"line":639,"column":44}},"301":{"start":{"line":639,"column":22},"end":{"line":639,"column":44}},"302":{"start":{"line":640,"column":4},"end":{"line":640,"column":65}},"303":{"start":{"line":643,"column":17},"end":{"line":643,"column":62}},"304":{"start":{"line":644,"column":2},"end":{"line":646,"column":3}},"305":{"start":{"line":645,"column":4},"end":{"line":645,"column":63}},"306":{"start":{"line":647,"column":2},"end":{"line":647,"column":16}},"307":{"start":{"line":651,"column":2},"end":{"line":651,"column":90}},"308":{"start":{"line":652,"column":2},"end":{"line":652,"column":99}},"309":{"start":{"line":656,"column":19},"end":{"line":656,"column":102}},"310":{"start":{"line":657,"column":17},"end":{"line":657,"column":74}},"311":{"start":{"line":658,"column":26},"end":{"line":658,"column":35}},"312":{"start":{"line":660,"column":2},"end":{"line":662,"column":3}},"313":{"start":{"line":661,"column":4},"end":{"line":661,"column":46}},"314":{"start":{"line":663,"column":2},"end":{"line":665,"column":3}},"315":{"start":{"line":664,"column":4},"end":{"line":664,"column":46}},"316":{"start":{"line":667,"column":2},"end":{"line":670,"column":4}},"317":{"start":{"line":674,"column":28},"end":{"line":674,"column":61}},"318":{"start":{"line":675,"column":2},"end":{"line":677,"column":3}},"319":{"start":{"line":676,"column":4},"end":{"line":676,"column":48}},"320":{"start":{"line":678,"column":2},"end":{"line":680,"column":3}},"321":{"start":{"line":679,"column":4},"end":{"line":679,"column":65}},"322":{"start":{"line":682,"column":28},"end":{"line":684,"column":20}},"323":{"start":{"line":683,"column":23},"end":{"line":683,"column":52}},"324":{"start":{"line":685,"column":2},"end":{"line":687,"column":3}},"325":{"start":{"line":686,"column":4},"end":{"line":686,"column":85}},"326":{"start":{"line":689,"column":17},"end":{"line":689,"column":74}},"327":{"start":{"line":690,"column":24},"end":{"line":690,"column":95}},"328":{"start":{"line":690,"column":59},"end":{"line":690,"column":94}},"329":{"start":{"line":691,"column":16},"end":{"line":696,"column":3}},"330":{"start":{"line":698,"column":2},"end":{"line":702,"column":3}},"331":{"start":{"line":699,"column":4},"end":{"line":699,"column":41}},"332":{"start":{"line":701,"column":4},"end":{"line":701,"column":30}},"333":{"start":{"line":704,"column":2},"end":{"line":704,"column":31}},"334":{"start":{"line":705,"column":2},"end":{"line":705,"column":15}},"335":{"start":{"line":709,"column":30},"end":{"line":709,"column":60}},"336":{"start":{"line":710,"column":2},"end":{"line":712,"column":3}},"337":{"start":{"line":711,"column":4},"end":{"line":711,"column":45}},"338":{"start":{"line":714,"column":17},"end":{"line":714,"column":33}},"339":{"start":{"line":715,"column":18},"end":{"line":715,"column":38}},"340":{"start":{"line":716,"column":17},"end":{"line":716,"column":19}},"341":{"start":{"line":718,"column":2},"end":{"line":734,"column":3}},"342":{"start":{"line":720,"column":4},"end":{"line":724,"column":5}},"343":{"start":{"line":721,"column":6},"end":{"line":721,"column":45}},"344":{"start":{"line":723,"column":6},"end":{"line":723,"column":15}},"345":{"start":{"line":725,"column":4},"end":{"line":725,"column":51}},"346":{"start":{"line":725,"column":42},"end":{"line":725,"column":51}},"347":{"start":{"line":727,"column":20},"end":{"line":727,"column":90}},"348":{"start":{"line":727,"column":71},"end":{"line":727,"column":89}},"349":{"start":{"line":728,"column":4},"end":{"line":733,"column":7}},"350":{"start":{"line":736,"column":2},"end":{"line":739,"column":4}},"351":{"start":{"line":737,"column":38},"end":{"line":737,"column":50}},"352":{"start":{"line":746,"column":0},"end":{"line":784,"column":2}},"353":{"start":{"line":790,"column":0},"end":{"line":806,"column":1}},"354":{"start":{"line":791,"column":13},"end":{"line":791,"column":15}},"355":{"start":{"line":792,"column":2},"end":{"line":792,"column":36}},"356":{"start":{"line":793,"column":2},"end":{"line":793,"column":58}},"357":{"start":{"line":793,"column":40},"end":{"line":793,"column":54}},"358":{"start":{"line":794,"column":2},"end":{"line":805,"column":5}},"359":{"start":{"line":795,"column":4},"end":{"line":804,"column":5}},"360":{"start":{"line":796,"column":20},"end":{"line":796,"column":36}},"361":{"start":{"line":797,"column":21},"end":{"line":797,"column":42}},"362":{"start":{"line":798,"column":6},"end":{"line":798,"column":42}},"363":{"start":{"line":799,"column":6},"end":{"line":799,"column":22}},"364":{"start":{"line":801,"column":6},"end":{"line":801,"column":67}},"365":{"start":{"line":802,"column":6},"end":{"line":802,"column":54}},"366":{"start":{"line":803,"column":6},"end":{"line":803,"column":22}}},"fnMap":{"0":{"name":"computeExecutableHash","decl":{"start":{"line":15,"column":9},"end":{"line":15,"column":30}},"loc":{"start":{"line":15,"column":40},"end":{"line":37,"column":1}},"line":15},"1":{"name":"loadGatesConfig","decl":{"start":{"line":60,"column":9},"end":{"line":60,"column":24}},"loc":{"start":{"line":60,"column":37},"end":{"line":100,"column":1}},"line":60},"2":{"name":"(anonymous_2)","decl":{"start":{"line":69,"column":18},"end":{"line":69,"column":19}},"loc":{"start":{"line":69,"column":36},"end":{"line":83,"column":3}},"line":69},"3":{"name":"(anonymous_3)","decl":{"start":{"line":85,"column":54},"end":{"line":85,"column":55}},"loc":{"start":{"line":85,"column":60},"end":{"line":85,"column":99}},"line":85},"4":{"name":"(anonymous_4)","decl":{"start":{"line":92,"column":57},"end":{"line":92,"column":58}},"loc":{"start":{"line":92,"column":63},"end":{"line":92,"column":102}},"line":92},"5":{"name":"loadJSON","decl":{"start":{"line":106,"column":9},"end":{"line":106,"column":17}},"loc":{"start":{"line":106,"column":28},"end":{"line":113,"column":1}},"line":106},"6":{"name":"saveJSON","decl":{"start":{"line":115,"column":9},"end":{"line":115,"column":17}},"loc":{"start":{"line":115,"column":34},"end":{"line":118,"column":1}},"line":115},"7":{"name":"loadState","decl":{"start":{"line":120,"column":9},"end":{"line":120,"column":18}},"loc":{"start":{"line":120,"column":21},"end":{"line":120,"column":68}},"line":120},"8":{"name":"saveState","decl":{"start":{"line":121,"column":9},"end":{"line":121,"column":18}},"loc":{"start":{"line":121,"column":26},"end":{"line":121,"column":73}},"line":121},"9":{"name":"loadConstraints","decl":{"start":{"line":123,"column":9},"end":{"line":123,"column":24}},"loc":{"start":{"line":123,"column":27},"end":{"line":123,"column":80}},"line":123},"10":{"name":"saveConstraints","decl":{"start":{"line":124,"column":9},"end":{"line":124,"column":24}},"loc":{"start":{"line":124,"column":38},"end":{"line":124,"column":97}},"line":124},"11":{"name":"setConstraint","decl":{"start":{"line":126,"column":9},"end":{"line":126,"column":22}},"loc":{"start":{"line":126,"column":35},"end":{"line":134,"column":1}},"line":126},"12":{"name":"isConditionSatisfied","decl":{"start":{"line":136,"column":9},"end":{"line":136,"column":29}},"loc":{"start":{"line":136,"column":43},"end":{"line":142,"column":1}},"line":136},"13":{"name":"satisfyCondition","decl":{"start":{"line":144,"column":9},"end":{"line":144,"column":25}},"loc":{"start":{"line":144,"column":70},"end":{"line":161,"column":1}},"line":144},"14":{"name":"loadStats","decl":{"start":{"line":167,"column":9},"end":{"line":167,"column":18}},"loc":{"start":{"line":167,"column":21},"end":{"line":171,"column":1}},"line":167},"15":{"name":"saveStats","decl":{"start":{"line":173,"column":9},"end":{"line":173,"column":18}},"loc":{"start":{"line":173,"column":26},"end":{"line":173,"column":73}},"line":173},"16":{"name":"recordStat","decl":{"start":{"line":175,"column":9},"end":{"line":175,"column":19}},"loc":{"start":{"line":175,"column":36},"end":{"line":185,"column":1}},"line":175},"17":{"name":"buildReasoning","decl":{"start":{"line":201,"column":9},"end":{"line":201,"column":23}},"loc":{"start":{"line":201,"column":64},"end":{"line":244,"column":1}},"line":201},"18":{"name":"(anonymous_18)","decl":{"start":{"line":221,"column":59},"end":{"line":221,"column":60}},"loc":{"start":{"line":221,"column":71},"end":{"line":221,"column":82}},"line":221},"19":{"name":"checkWhenClause","decl":{"start":{"line":250,"column":9},"end":{"line":250,"column":24}},"loc":{"start":{"line":250,"column":44},"end":{"line":260,"column":1}},"line":250},"20":{"name":"matchesGate","decl":{"start":{"line":262,"column":9},"end":{"line":262,"column":20}},"loc":{"start":{"line":262,"column":49},"end":{"line":282,"column":1}},"line":262},"21":{"name":"checkMetricCondition","decl":{"start":{"line":284,"column":15},"end":{"line":284,"column":35}},"loc":{"start":{"line":284,"column":53},"end":{"line":296,"column":1}},"line":284},"22":{"name":"evaluateGatesAsync","decl":{"start":{"line":298,"column":15},"end":{"line":298,"column":33}},"loc":{"start":{"line":298,"column":67},"end":{"line":367,"column":1}},"line":298},"23":{"name":"(anonymous_23)","decl":{"start":{"line":329,"column":20},"end":{"line":329,"column":21}},"loc":{"start":{"line":329,"column":31},"end":{"line":329,"column":104}},"line":329},"24":{"name":"(anonymous_24)","decl":{"start":{"line":329,"column":42},"end":{"line":329,"column":43}},"loc":{"start":{"line":329,"column":48},"end":{"line":329,"column":97}},"line":329},"25":{"name":"evaluateGates","decl":{"start":{"line":369,"column":9},"end":{"line":369,"column":22}},"loc":{"start":{"line":369,"column":56},"end":{"line":415,"column":1}},"line":369},"26":{"name":"buildSecretGuardResult","decl":{"start":{"line":417,"column":9},"end":{"line":417,"column":31}},"loc":{"start":{"line":417,"column":44},"end":{"line":438,"column":1}},"line":417},"27":{"name":"(anonymous_27)","decl":{"start":{"line":428,"column":40},"end":{"line":428,"column":41}},"loc":{"start":{"line":428,"column":54},"end":{"line":435,"column":7}},"line":428},"28":{"name":"getFeedbackLoopModule","decl":{"start":{"line":440,"column":9},"end":{"line":440,"column":30}},"loc":{"start":{"line":440,"column":33},"end":{"line":446,"column":1}},"line":440},"29":{"name":"recordSecretViolation","decl":{"start":{"line":448,"column":9},"end":{"line":448,"column":30}},"loc":{"start":{"line":448,"column":50},"end":{"line":496,"column":1}},"line":448},"30":{"name":"(anonymous_30)","decl":{"start":{"line":481,"column":42},"end":{"line":481,"column":43}},"loc":{"start":{"line":481,"column":56},"end":{"line":490,"column":7}},"line":481},"31":{"name":"(anonymous_31)","decl":{"start":{"line":491,"column":40},"end":{"line":491,"column":41}},"loc":{"start":{"line":492,"column":8},"end":{"line":492,"column":130}},"line":492},"32":{"name":"evaluateSecretGuard","decl":{"start":{"line":498,"column":9},"end":{"line":498,"column":28}},"loc":{"start":{"line":498,"column":41},"end":{"line":518,"column":1}},"line":498},"33":{"name":"formatOutput","decl":{"start":{"line":524,"column":9},"end":{"line":524,"column":21}},"loc":{"start":{"line":524,"column":30},"end":{"line":552,"column":1}},"line":524},"34":{"name":"runAsync","decl":{"start":{"line":554,"column":15},"end":{"line":554,"column":23}},"loc":{"start":{"line":554,"column":31},"end":{"line":564,"column":1}},"line":554},"35":{"name":"run","decl":{"start":{"line":566,"column":9},"end":{"line":566,"column":12}},"loc":{"start":{"line":566,"column":20},"end":{"line":576,"column":1}},"line":566},"36":{"name":"loadSessionActions","decl":{"start":{"line":582,"column":9},"end":{"line":582,"column":27}},"loc":{"start":{"line":582,"column":30},"end":{"line":598,"column":1}},"line":582},"37":{"name":"saveSessionActions","decl":{"start":{"line":600,"column":9},"end":{"line":600,"column":27}},"loc":{"start":{"line":600,"column":37},"end":{"line":602,"column":1}},"line":600},"38":{"name":"trackAction","decl":{"start":{"line":604,"column":9},"end":{"line":604,"column":20}},"loc":{"start":{"line":604,"column":46},"end":{"line":620,"column":1}},"line":604},"39":{"name":"hasAction","decl":{"start":{"line":622,"column":9},"end":{"line":622,"column":18}},"loc":{"start":{"line":622,"column":29},"end":{"line":627,"column":1}},"line":622},"40":{"name":"listSessionActions","decl":{"start":{"line":629,"column":9},"end":{"line":629,"column":27}},"loc":{"start":{"line":629,"column":30},"end":{"line":631,"column":1}},"line":629},"41":{"name":"clearSessionActions","decl":{"start":{"line":633,"column":9},"end":{"line":633,"column":28}},"loc":{"start":{"line":633,"column":31},"end":{"line":635,"column":1}},"line":633},"42":{"name":"loadClaimGateFile","decl":{"start":{"line":637,"column":9},"end":{"line":637,"column":26}},"loc":{"start":{"line":637,"column":67},"end":{"line":648,"column":1}},"line":637},"43":{"name":"saveCustomClaimGates","decl":{"start":{"line":650,"column":9},"end":{"line":650,"column":29}},"loc":{"start":{"line":650,"column":38},"end":{"line":653,"column":1}},"line":650},"44":{"name":"loadClaimGates","decl":{"start":{"line":655,"column":9},"end":{"line":655,"column":23}},"loc":{"start":{"line":655,"column":26},"end":{"line":671,"column":1}},"line":655},"45":{"name":"registerClaimGate","decl":{"start":{"line":673,"column":9},"end":{"line":673,"column":26}},"loc":{"start":{"line":673,"column":72},"end":{"line":706,"column":1}},"line":673},"46":{"name":"(anonymous_46)","decl":{"start":{"line":683,"column":9},"end":{"line":683,"column":10}},"loc":{"start":{"line":683,"column":23},"end":{"line":683,"column":52}},"line":683},"47":{"name":"(anonymous_47)","decl":{"start":{"line":690,"column":48},"end":{"line":690,"column":49}},"loc":{"start":{"line":690,"column":59},"end":{"line":690,"column":94}},"line":690},"48":{"name":"verifyClaimEvidence","decl":{"start":{"line":708,"column":9},"end":{"line":708,"column":28}},"loc":{"start":{"line":708,"column":40},"end":{"line":740,"column":1}},"line":708},"49":{"name":"(anonymous_49)","decl":{"start":{"line":727,"column":57},"end":{"line":727,"column":58}},"loc":{"start":{"line":727,"column":71},"end":{"line":727,"column":89}},"line":727},"50":{"name":"(anonymous_50)","decl":{"start":{"line":737,"column":27},"end":{"line":737,"column":28}},"loc":{"start":{"line":737,"column":38},"end":{"line":737,"column":50}},"line":737},"51":{"name":"(anonymous_51)","decl":{"start":{"line":793,"column":27},"end":{"line":793,"column":28}},"loc":{"start":{"line":793,"column":38},"end":{"line":793,"column":56}},"line":793},"52":{"name":"(anonymous_52)","decl":{"start":{"line":794,"column":26},"end":{"line":794,"column":27}},"loc":{"start":{"line":794,"column":38},"end":{"line":805,"column":3}},"line":794}},"branchMap":{"0":{"loc":{"start":{"line":17,"column":4},"end":{"line":17,"column":30}},"type":"if","locations":[{"start":{"line":17,"column":4},"end":{"line":17,"column":30}},{"start":{},"end":{}}],"line":17},"1":{"loc":{"start":{"line":19,"column":4},"end":{"line":19,"column":32}},"type":"if","locations":[{"start":{"line":19,"column":4},"end":{"line":19,"column":32}},{"start":{},"end":{}}],"line":19},"2":{"loc":{"start":{"line":27,"column":17},"end":{"line":27,"column":62}},"type":"cond-expr","locations":[{"start":{"line":27,"column":46},"end":{"line":27,"column":55}},{"start":{"line":27,"column":58},"end":{"line":27,"column":62}}],"line":27},"3":{"loc":{"start":{"line":30,"column":4},"end":{"line":30,"column":95}},"type":"if","locations":[{"start":{"line":30,"column":4},"end":{"line":30,"column":95}},{"start":{},"end":{}}],"line":30},"4":{"loc":{"start":{"line":30,"column":8},"end":{"line":30,"column":81}},"type":"binary-expr","locations":[{"start":{"line":30,"column":8},"end":{"line":30,"column":17}},{"start":{"line":30,"column":21},"end":{"line":30,"column":45}},{"start":{"line":30,"column":49},"end":{"line":30,"column":81}}],"line":30},"5":{"loc":{"start":{"line":48,"column":29},"end":{"line":48,"column":55}},"type":"binary-expr","locations":[{"start":{"line":48,"column":29},"end":{"line":48,"column":45}},{"start":{"line":48,"column":49},"end":{"line":48,"column":55}}],"line":48},"6":{"loc":{"start":{"line":49,"column":35},"end":{"line":49,"column":61}},"type":"binary-expr","locations":[{"start":{"line":49,"column":35},"end":{"line":49,"column":51}},{"start":{"line":49,"column":55},"end":{"line":49,"column":61}}],"line":49},"7":{"loc":{"start":{"line":50,"column":29},"end":{"line":50,"column":55}},"type":"binary-expr","locations":[{"start":{"line":50,"column":29},"end":{"line":50,"column":45}},{"start":{"line":50,"column":49},"end":{"line":50,"column":55}}],"line":50},"8":{"loc":{"start":{"line":51,"column":39},"end":{"line":51,"column":65}},"type":"binary-expr","locations":[{"start":{"line":51,"column":39},"end":{"line":51,"column":55}},{"start":{"line":51,"column":59},"end":{"line":51,"column":65}}],"line":51},"9":{"loc":{"start":{"line":52,"column":42},"end":{"line":52,"column":68}},"type":"binary-expr","locations":[{"start":{"line":52,"column":42},"end":{"line":52,"column":58}},{"start":{"line":52,"column":62},"end":{"line":52,"column":68}}],"line":52},"10":{"loc":{"start":{"line":61,"column":22},"end":{"line":61,"column":88}},"type":"binary-expr","locations":[{"start":{"line":61,"column":22},"end":{"line":61,"column":32}},{"start":{"line":61,"column":36},"end":{"line":61,"column":65}},{"start":{"line":61,"column":69},"end":{"line":61,"column":88}}],"line":61},"11":{"loc":{"start":{"line":63,"column":2},"end":{"line":65,"column":3}},"type":"if","locations":[{"start":{"line":63,"column":2},"end":{"line":65,"column":3}},{"start":{},"end":{}}],"line":63},"12":{"loc":{"start":{"line":73,"column":6},"end":{"line":76,"column":7}},"type":"if","locations":[{"start":{"line":73,"column":6},"end":{"line":76,"column":7}},{"start":{},"end":{}}],"line":73},"13":{"loc":{"start":{"line":73,"column":10},"end":{"line":73,"column":49}},"type":"binary-expr","locations":[{"start":{"line":73,"column":10},"end":{"line":73,"column":17}},{"start":{"line":73,"column":21},"end":{"line":73,"column":49}}],"line":73},"14":{"loc":{"start":{"line":74,"column":8},"end":{"line":74,"column":86}},"type":"if","locations":[{"start":{"line":74,"column":8},"end":{"line":74,"column":86}},{"start":{},"end":{}}],"line":74},"15":{"loc":{"start":{"line":79,"column":6},"end":{"line":79,"column":29}},"type":"if","locations":[{"start":{"line":79,"column":6},"end":{"line":79,"column":29}},{"start":{},"end":{}}],"line":79},"16":{"loc":{"start":{"line":85,"column":75},"end":{"line":85,"column":97}},"type":"binary-expr","locations":[{"start":{"line":85,"column":75},"end":{"line":85,"column":82}},{"start":{"line":85,"column":86},"end":{"line":85,"column":97}}],"line":85},"17":{"loc":{"start":{"line":91,"column":2},"end":{"line":97,"column":3}},"type":"if","locations":[{"start":{"line":91,"column":2},"end":{"line":97,"column":3}},{"start":{},"end":{}}],"line":91},"18":{"loc":{"start":{"line":91,"column":6},"end":{"line":91,"column":50}},"type":"binary-expr","locations":[{"start":{"line":91,"column":6},"end":{"line":91,"column":17}},{"start":{"line":91,"column":21},"end":{"line":91,"column":50}}],"line":91},"19":{"loc":{"start":{"line":92,"column":78},"end":{"line":92,"column":100}},"type":"binary-expr","locations":[{"start":{"line":92,"column":78},"end":{"line":92,"column":85}},{"start":{"line":92,"column":89},"end":{"line":92,"column":100}}],"line":92},"20":{"loc":{"start":{"line":93,"column":29},"end":{"line":95,"column":47}},"type":"cond-expr","locations":[{"start":{"line":94,"column":8},"end":{"line":94,"column":17}},{"start":{"line":95,"column":8},"end":{"line":95,"column":47}}],"line":93},"21":{"loc":{"start":{"line":107,"column":2},"end":{"line":107,"column":42}},"type":"if","locations":[{"start":{"line":107,"column":2},"end":{"line":107,"column":42}},{"start":{},"end":{}}],"line":107},"22":{"loc":{"start":{"line":139,"column":2},"end":{"line":139,"column":27}},"type":"if","locations":[{"start":{"line":139,"column":2},"end":{"line":139,"column":27}},{"start":{},"end":{}}],"line":139},"23":{"loc":{"start":{"line":148,"column":14},"end":{"line":148,"column":28}},"type":"binary-expr","locations":[{"start":{"line":148,"column":14},"end":{"line":148,"column":22}},{"start":{"line":148,"column":26},"end":{"line":148,"column":28}}],"line":148},"24":{"loc":{"start":{"line":150,"column":2},"end":{"line":157,"column":3}},"type":"if","locations":[{"start":{"line":150,"column":2},"end":{"line":157,"column":3}},{"start":{},"end":{}}],"line":150},"25":{"loc":{"start":{"line":150,"column":6},"end":{"line":150,"column":68}},"type":"binary-expr","locations":[{"start":{"line":150,"column":6},"end":{"line":150,"column":25}},{"start":{"line":150,"column":29},"end":{"line":150,"column":68}}],"line":150},"26":{"loc":{"start":{"line":152,"column":15},"end":{"line":152,"column":50}},"type":"binary-expr","locations":[{"start":{"line":152,"column":15},"end":{"line":152,"column":42}},{"start":{"line":152,"column":46},"end":{"line":152,"column":50}}],"line":152},"27":{"loc":{"start":{"line":153,"column":16},"end":{"line":153,"column":52}},"type":"binary-expr","locations":[{"start":{"line":153,"column":16},"end":{"line":153,"column":44}},{"start":{"line":153,"column":48},"end":{"line":153,"column":52}}],"line":153},"28":{"loc":{"start":{"line":154,"column":12},"end":{"line":154,"column":44}},"type":"binary-expr","locations":[{"start":{"line":154,"column":12},"end":{"line":154,"column":36}},{"start":{"line":154,"column":40},"end":{"line":154,"column":44}}],"line":154},"29":{"loc":{"start":{"line":155,"column":18},"end":{"line":155,"column":56}},"type":"binary-expr","locations":[{"start":{"line":155,"column":18},"end":{"line":155,"column":48}},{"start":{"line":155,"column":52},"end":{"line":155,"column":56}}],"line":155},"30":{"loc":{"start":{"line":169,"column":2},"end":{"line":169,"column":95}},"type":"if","locations":[{"start":{"line":169,"column":2},"end":{"line":169,"column":95}},{"start":{},"end":{}}],"line":169},"31":{"loc":{"start":{"line":177,"column":2},"end":{"line":179,"column":46}},"type":"if","locations":[{"start":{"line":177,"column":2},"end":{"line":179,"column":46}},{"start":{"line":178,"column":7},"end":{"line":179,"column":46}}],"line":177},"32":{"loc":{"start":{"line":177,"column":43},"end":{"line":177,"column":61}},"type":"binary-expr","locations":[{"start":{"line":177,"column":43},"end":{"line":177,"column":56}},{"start":{"line":177,"column":60},"end":{"line":177,"column":61}}],"line":177},"33":{"loc":{"start":{"line":178,"column":7},"end":{"line":179,"column":46}},"type":"if","locations":[{"start":{"line":178,"column":7},"end":{"line":179,"column":46}},{"start":{"line":179,"column":7},"end":{"line":179,"column":46}}],"line":178},"34":{"loc":{"start":{"line":178,"column":46},"end":{"line":178,"column":63}},"type":"binary-expr","locations":[{"start":{"line":178,"column":46},"end":{"line":178,"column":58}},{"start":{"line":178,"column":62},"end":{"line":178,"column":63}}],"line":178},"35":{"loc":{"start":{"line":179,"column":23},"end":{"line":179,"column":40}},"type":"binary-expr","locations":[{"start":{"line":179,"column":23},"end":{"line":179,"column":35}},{"start":{"line":179,"column":39},"end":{"line":179,"column":40}}],"line":179},"36":{"loc":{"start":{"line":180,"column":2},"end":{"line":180,"column":39}},"type":"if","locations":[{"start":{"line":180,"column":2},"end":{"line":180,"column":39}},{"start":{},"end":{}}],"line":180},"37":{"loc":{"start":{"line":181,"column":2},"end":{"line":181,"column":78}},"type":"if","locations":[{"start":{"line":181,"column":2},"end":{"line":181,"column":78}},{"start":{},"end":{}}],"line":181},"38":{"loc":{"start":{"line":182,"column":2},"end":{"line":183,"column":63}},"type":"if","locations":[{"start":{"line":182,"column":2},"end":{"line":183,"column":63}},{"start":{"line":183,"column":7},"end":{"line":183,"column":63}}],"line":182},"39":{"loc":{"start":{"line":183,"column":7},"end":{"line":183,"column":63}},"type":"if","locations":[{"start":{"line":183,"column":7},"end":{"line":183,"column":63}},{"start":{},"end":{}}],"line":183},"40":{"loc":{"start":{"line":201,"column":51},"end":{"line":201,"column":62}},"type":"default-arg","locations":[{"start":{"line":201,"column":60},"end":{"line":201,"column":62}}],"line":201},"41":{"loc":{"start":{"line":203,"column":15},"end":{"line":203,"column":79}},"type":"binary-expr","locations":[{"start":{"line":203,"column":15},"end":{"line":203,"column":32}},{"start":{"line":203,"column":36},"end":{"line":203,"column":55}},{"start":{"line":203,"column":59},"end":{"line":203,"column":73}},{"start":{"line":203,"column":77},"end":{"line":203,"column":79}}],"line":203},"42":{"loc":{"start":{"line":206,"column":51},"end":{"line":206,"column":100}},"type":"cond-expr","locations":[{"start":{"line":206,"column":70},"end":{"line":206,"column":93}},{"start":{"line":206,"column":96},"end":{"line":206,"column":100}}],"line":206},"43":{"loc":{"start":{"line":209,"column":58},"end":{"line":209,"column":83}},"type":"binary-expr","locations":[{"start":{"line":209,"column":58},"end":{"line":209,"column":68}},{"start":{"line":209,"column":72},"end":{"line":209,"column":83}}],"line":209},"44":{"loc":{"start":{"line":209,"column":98},"end":{"line":209,"column":123}},"type":"binary-expr","locations":[{"start":{"line":209,"column":98},"end":{"line":209,"column":111}},{"start":{"line":209,"column":115},"end":{"line":209,"column":123}}],"line":209},"45":{"loc":{"start":{"line":212,"column":2},"end":{"line":217,"column":3}},"type":"if","locations":[{"start":{"line":212,"column":2},"end":{"line":217,"column":3}},{"start":{"line":215,"column":9},"end":{"line":217,"column":3}}],"line":212},"46":{"loc":{"start":{"line":212,"column":6},"end":{"line":212,"column":90}},"type":"binary-expr","locations":[{"start":{"line":212,"column":6},"end":{"line":212,"column":21}},{"start":{"line":212,"column":25},"end":{"line":212,"column":55}},{"start":{"line":212,"column":59},"end":{"line":212,"column":90}}],"line":212},"47":{"loc":{"start":{"line":213,"column":20},"end":{"line":213,"column":81}},"type":"cond-expr","locations":[{"start":{"line":213,"column":39},"end":{"line":213,"column":76}},{"start":{"line":213,"column":79},"end":{"line":213,"column":81}}],"line":213},"48":{"loc":{"start":{"line":214,"column":57},"end":{"line":214,"column":90}},"type":"binary-expr","locations":[{"start":{"line":214,"column":57},"end":{"line":214,"column":72}},{"start":{"line":214,"column":76},"end":{"line":214,"column":90}}],"line":214},"49":{"loc":{"start":{"line":220,"column":2},"end":{"line":223,"column":3}},"type":"if","locations":[{"start":{"line":220,"column":2},"end":{"line":223,"column":3}},{"start":{},"end":{}}],"line":220},"50":{"loc":{"start":{"line":220,"column":6},"end":{"line":220,"column":40}},"type":"binary-expr","locations":[{"start":{"line":220,"column":6},"end":{"line":220,"column":15}},{"start":{"line":220,"column":19},"end":{"line":220,"column":40}}],"line":220},"51":{"loc":{"start":{"line":226,"column":2},"end":{"line":228,"column":3}},"type":"if","locations":[{"start":{"line":226,"column":2},"end":{"line":228,"column":3}},{"start":{},"end":{}}],"line":226},"52":{"loc":{"start":{"line":231,"column":2},"end":{"line":234,"column":3}},"type":"if","locations":[{"start":{"line":231,"column":2},"end":{"line":234,"column":3}},{"start":{},"end":{}}],"line":231},"53":{"loc":{"start":{"line":233,"column":62},"end":{"line":233,"column":75}},"type":"binary-expr","locations":[{"start":{"line":233,"column":62},"end":{"line":233,"column":67}},{"start":{"line":233,"column":71},"end":{"line":233,"column":75}}],"line":233},"54":{"loc":{"start":{"line":233,"column":80},"end":{"line":233,"column":92}},"type":"binary-expr","locations":[{"start":{"line":233,"column":80},"end":{"line":233,"column":85}},{"start":{"line":233,"column":89},"end":{"line":233,"column":92}}],"line":233},"55":{"loc":{"start":{"line":238,"column":20},"end":{"line":238,"column":57}},"type":"binary-expr","locations":[{"start":{"line":238,"column":20},"end":{"line":238,"column":32}},{"start":{"line":238,"column":36},"end":{"line":238,"column":57}}],"line":238},"56":{"loc":{"start":{"line":239,"column":2},"end":{"line":241,"column":3}},"type":"if","locations":[{"start":{"line":239,"column":2},"end":{"line":241,"column":3}},{"start":{},"end":{}}],"line":239},"57":{"loc":{"start":{"line":240,"column":35},"end":{"line":240,"column":57}},"type":"binary-expr","locations":[{"start":{"line":240,"column":35},"end":{"line":240,"column":52}},{"start":{"line":240,"column":56},"end":{"line":240,"column":57}}],"line":240},"58":{"loc":{"start":{"line":240,"column":70},"end":{"line":240,"column":91}},"type":"binary-expr","locations":[{"start":{"line":240,"column":70},"end":{"line":240,"column":86}},{"start":{"line":240,"column":90},"end":{"line":240,"column":91}}],"line":240},"59":{"loc":{"start":{"line":251,"column":2},"end":{"line":251,"column":46}},"type":"if","locations":[{"start":{"line":251,"column":2},"end":{"line":251,"column":46}},{"start":{},"end":{}}],"line":251},"60":{"loc":{"start":{"line":251,"column":6},"end":{"line":251,"column":32}},"type":"binary-expr","locations":[{"start":{"line":251,"column":6},"end":{"line":251,"column":11}},{"start":{"line":251,"column":15},"end":{"line":251,"column":32}}],"line":251},"61":{"loc":{"start":{"line":255,"column":4},"end":{"line":257,"column":5}},"type":"if","locations":[{"start":{"line":255,"column":4},"end":{"line":257,"column":5}},{"start":{},"end":{}}],"line":255},"62":{"loc":{"start":{"line":255,"column":8},"end":{"line":255,"column":57}},"type":"binary-expr","locations":[{"start":{"line":255,"column":8},"end":{"line":255,"column":19}},{"start":{"line":255,"column":23},"end":{"line":255,"column":57}}],"line":255},"63":{"loc":{"start":{"line":264,"column":15},"end":{"line":264,"column":79}},"type":"binary-expr","locations":[{"start":{"line":264,"column":15},"end":{"line":264,"column":32}},{"start":{"line":264,"column":36},"end":{"line":264,"column":55}},{"start":{"line":264,"column":59},"end":{"line":264,"column":73}},{"start":{"line":264,"column":77},"end":{"line":264,"column":79}}],"line":264},"64":{"loc":{"start":{"line":269,"column":4},"end":{"line":269,"column":40}},"type":"if","locations":[{"start":{"line":269,"column":4},"end":{"line":269,"column":40}},{"start":{},"end":{}}],"line":269},"65":{"loc":{"start":{"line":276,"column":2},"end":{"line":279,"column":3}},"type":"if","locations":[{"start":{"line":276,"column":2},"end":{"line":279,"column":3}},{"start":{},"end":{}}],"line":276},"66":{"loc":{"start":{"line":276,"column":6},"end":{"line":276,"column":47}},"type":"binary-expr","locations":[{"start":{"line":276,"column":6},"end":{"line":276,"column":26}},{"start":{"line":276,"column":30},"end":{"line":276,"column":47}}],"line":276},"67":{"loc":{"start":{"line":278,"column":4},"end":{"line":278,"column":58}},"type":"if","locations":[{"start":{"line":278,"column":4},"end":{"line":278,"column":58}},{"start":{},"end":{}}],"line":278},"68":{"loc":{"start":{"line":285,"column":2},"end":{"line":285,"column":36}},"type":"if","locations":[{"start":{"line":285,"column":2},"end":{"line":285,"column":36}},{"start":{},"end":{}}],"line":285},"69":{"loc":{"start":{"line":287,"column":53},"end":{"line":287,"column":84}},"type":"binary-expr","locations":[{"start":{"line":287,"column":53},"end":{"line":287,"column":75}},{"start":{"line":287,"column":79},"end":{"line":287,"column":84}}],"line":287},"70":{"loc":{"start":{"line":290,"column":2},"end":{"line":290,"column":39}},"type":"if","locations":[{"start":{"line":290,"column":2},"end":{"line":290,"column":39}},{"start":{},"end":{}}],"line":290},"71":{"loc":{"start":{"line":292,"column":2},"end":{"line":292,"column":85}},"type":"if","locations":[{"start":{"line":292,"column":2},"end":{"line":292,"column":85}},{"start":{},"end":{}}],"line":292},"72":{"loc":{"start":{"line":292,"column":6},"end":{"line":292,"column":70}},"type":"binary-expr","locations":[{"start":{"line":292,"column":6},"end":{"line":292,"column":39}},{"start":{"line":292,"column":43},"end":{"line":292,"column":70}}],"line":292},"73":{"loc":{"start":{"line":293,"column":2},"end":{"line":293,"column":85}},"type":"if","locations":[{"start":{"line":293,"column":2},"end":{"line":293,"column":85}},{"start":{},"end":{}}],"line":293},"74":{"loc":{"start":{"line":293,"column":6},"end":{"line":293,"column":70}},"type":"binary-expr","locations":[{"start":{"line":293,"column":6},"end":{"line":293,"column":39}},{"start":{"line":293,"column":43},"end":{"line":293,"column":70}}],"line":293},"75":{"loc":{"start":{"line":313,"column":4},"end":{"line":313,"column":58}},"type":"if","locations":[{"start":{"line":313,"column":4},"end":{"line":313,"column":58}},{"start":{},"end":{}}],"line":313},"76":{"loc":{"start":{"line":316,"column":4},"end":{"line":318,"column":5}},"type":"if","locations":[{"start":{"line":316,"column":4},"end":{"line":318,"column":5}},{"start":{},"end":{}}],"line":316},"77":{"loc":{"start":{"line":316,"column":8},"end":{"line":316,"column":61}},"type":"binary-expr","locations":[{"start":{"line":316,"column":8},"end":{"line":316,"column":17}},{"start":{"line":316,"column":21},"end":{"line":316,"column":61}}],"line":316},"78":{"loc":{"start":{"line":322,"column":4},"end":{"line":338,"column":5}},"type":"if","locations":[{"start":{"line":322,"column":4},"end":{"line":338,"column":5}},{"start":{},"end":{}}],"line":322},"79":{"loc":{"start":{"line":323,"column":6},"end":{"line":326,"column":7}},"type":"if","locations":[{"start":{"line":323,"column":6},"end":{"line":326,"column":7}},{"start":{},"end":{}}],"line":323},"80":{"loc":{"start":{"line":332,"column":28},"end":{"line":332,"column":95}},"type":"cond-expr","locations":[{"start":{"line":332,"column":63},"end":{"line":332,"column":80}},{"start":{"line":332,"column":83},"end":{"line":332,"column":95}}],"line":332},"81":{"loc":{"start":{"line":333,"column":6},"end":{"line":337,"column":7}},"type":"if","locations":[{"start":{"line":333,"column":6},"end":{"line":337,"column":7}},{"start":{"line":335,"column":13},"end":{"line":337,"column":7}}],"line":333},"82":{"loc":{"start":{"line":341,"column":4},"end":{"line":343,"column":5}},"type":"if","locations":[{"start":{"line":341,"column":4},"end":{"line":343,"column":5}},{"start":{},"end":{}}],"line":341},"83":{"loc":{"start":{"line":341,"column":8},"end":{"line":341,"column":56}},"type":"binary-expr","locations":[{"start":{"line":341,"column":8},"end":{"line":341,"column":19}},{"start":{"line":341,"column":23},"end":{"line":341,"column":56}}],"line":341},"84":{"loc":{"start":{"line":347,"column":4},"end":{"line":353,"column":5}},"type":"if","locations":[{"start":{"line":347,"column":4},"end":{"line":353,"column":5}},{"start":{},"end":{}}],"line":347},"85":{"loc":{"start":{"line":355,"column":4},"end":{"line":361,"column":5}},"type":"if","locations":[{"start":{"line":355,"column":4},"end":{"line":361,"column":5}},{"start":{},"end":{}}],"line":355},"86":{"loc":{"start":{"line":381,"column":4},"end":{"line":381,"column":58}},"type":"if","locations":[{"start":{"line":381,"column":4},"end":{"line":381,"column":58}},{"start":{},"end":{}}],"line":381},"87":{"loc":{"start":{"line":384,"column":4},"end":{"line":386,"column":5}},"type":"if","locations":[{"start":{"line":384,"column":4},"end":{"line":386,"column":5}},{"start":{},"end":{}}],"line":384},"88":{"loc":{"start":{"line":384,"column":8},"end":{"line":384,"column":61}},"type":"binary-expr","locations":[{"start":{"line":384,"column":8},"end":{"line":384,"column":17}},{"start":{"line":384,"column":21},"end":{"line":384,"column":61}}],"line":384},"89":{"loc":{"start":{"line":389,"column":4},"end":{"line":391,"column":5}},"type":"if","locations":[{"start":{"line":389,"column":4},"end":{"line":391,"column":5}},{"start":{},"end":{}}],"line":389},"90":{"loc":{"start":{"line":389,"column":8},"end":{"line":389,"column":56}},"type":"binary-expr","locations":[{"start":{"line":389,"column":8},"end":{"line":389,"column":19}},{"start":{"line":389,"column":23},"end":{"line":389,"column":56}}],"line":389},"91":{"loc":{"start":{"line":395,"column":4},"end":{"line":401,"column":5}},"type":"if","locations":[{"start":{"line":395,"column":4},"end":{"line":401,"column":5}},{"start":{},"end":{}}],"line":395},"92":{"loc":{"start":{"line":403,"column":4},"end":{"line":409,"column":5}},"type":"if","locations":[{"start":{"line":403,"column":4},"end":{"line":409,"column":5}},{"start":{},"end":{}}],"line":403},"93":{"loc":{"start":{"line":431,"column":14},"end":{"line":431,"column":34}},"type":"binary-expr","locations":[{"start":{"line":431,"column":14},"end":{"line":431,"column":26}},{"start":{"line":431,"column":30},"end":{"line":431,"column":34}}],"line":431},"94":{"loc":{"start":{"line":432,"column":14},"end":{"line":432,"column":34}},"type":"binary-expr","locations":[{"start":{"line":432,"column":14},"end":{"line":432,"column":26}},{"start":{"line":432,"column":30},"end":{"line":432,"column":34}}],"line":432},"95":{"loc":{"start":{"line":433,"column":16},"end":{"line":433,"column":38}},"type":"binary-expr","locations":[{"start":{"line":433,"column":16},"end":{"line":433,"column":30}},{"start":{"line":433,"column":34},"end":{"line":433,"column":38}}],"line":433},"96":{"loc":{"start":{"line":434,"column":16},"end":{"line":434,"column":38}},"type":"binary-expr","locations":[{"start":{"line":434,"column":16},"end":{"line":434,"column":30}},{"start":{"line":434,"column":34},"end":{"line":434,"column":38}}],"line":434},"97":{"loc":{"start":{"line":450,"column":2},"end":{"line":452,"column":3}},"type":"if","locations":[{"start":{"line":450,"column":2},"end":{"line":452,"column":3}},{"start":{},"end":{}}],"line":450},"98":{"loc":{"start":{"line":450,"column":6},"end":{"line":450,"column":80}},"type":"binary-expr","locations":[{"start":{"line":450,"column":6},"end":{"line":450,"column":19}},{"start":{"line":450,"column":23},"end":{"line":450,"column":80}}],"line":450},"99":{"loc":{"start":{"line":454,"column":19},"end":{"line":454,"column":65}},"type":"binary-expr","locations":[{"start":{"line":454,"column":19},"end":{"line":454,"column":34}},{"start":{"line":454,"column":38},"end":{"line":454,"column":52}},{"start":{"line":454,"column":56},"end":{"line":454,"column":65}}],"line":454},"100":{"loc":{"start":{"line":455,"column":20},"end":{"line":455,"column":100}},"type":"cond-expr","locations":[{"start":{"line":455,"column":79},"end":{"line":455,"column":95}},{"start":{"line":455,"column":98},"end":{"line":455,"column":100}}],"line":455},"101":{"loc":{"start":{"line":455,"column":20},"end":{"line":455,"column":76}},"type":"binary-expr","locations":[{"start":{"line":455,"column":20},"end":{"line":455,"column":36}},{"start":{"line":455,"column":40},"end":{"line":455,"column":76}}],"line":455},"102":{"loc":{"start":{"line":456,"column":19},"end":{"line":456,"column":86}},"type":"binary-expr","locations":[{"start":{"line":456,"column":19},"end":{"line":456,"column":38}},{"start":{"line":456,"column":42},"end":{"line":456,"column":56}},{"start":{"line":456,"column":60},"end":{"line":456,"column":78}},{"start":{"line":456,"column":82},"end":{"line":456,"column":86}}],"line":456},"103":{"loc":{"start":{"line":457,"column":18},"end":{"line":457,"column":80}},"type":"cond-expr","locations":[{"start":{"line":457,"column":58},"end":{"line":457,"column":75}},{"start":{"line":457,"column":78},"end":{"line":457,"column":80}}],"line":457},"104":{"loc":{"start":{"line":459,"column":4},"end":{"line":463,"column":51}},"type":"cond-expr","locations":[{"start":{"line":460,"column":8},"end":{"line":460,"column":43}},{"start":{"line":461,"column":8},"end":{"line":463,"column":51}}],"line":459},"105":{"loc":{"start":{"line":461,"column":8},"end":{"line":463,"column":51}},"type":"cond-expr","locations":[{"start":{"line":462,"column":10},"end":{"line":462,"column":52}},{"start":{"line":463,"column":10},"end":{"line":463,"column":51}}],"line":461},"106":{"loc":{"start":{"line":474,"column":19},"end":{"line":474,"column":49}},"type":"binary-expr","locations":[{"start":{"line":474,"column":19},"end":{"line":474,"column":41}},{"start":{"line":474,"column":45},"end":{"line":474,"column":49}}],"line":474},"107":{"loc":{"start":{"line":475,"column":18},"end":{"line":475,"column":45}},"type":"binary-expr","locations":[{"start":{"line":475,"column":18},"end":{"line":475,"column":39}},{"start":{"line":475,"column":43},"end":{"line":475,"column":45}}],"line":475},"108":{"loc":{"start":{"line":482,"column":34},"end":{"line":482,"column":69}},"type":"binary-expr","locations":[{"start":{"line":482,"column":34},"end":{"line":482,"column":44}},{"start":{"line":482,"column":48},"end":{"line":482,"column":69}}],"line":482},"109":{"loc":{"start":{"line":483,"column":21},"end":{"line":483,"column":81}},"type":"binary-expr","locations":[{"start":{"line":483,"column":21},"end":{"line":483,"column":35}},{"start":{"line":483,"column":39},"end":{"line":483,"column":52}},{"start":{"line":483,"column":56},"end":{"line":483,"column":81}}],"line":483},"110":{"loc":{"start":{"line":485,"column":17},"end":{"line":485,"column":56}},"type":"binary-expr","locations":[{"start":{"line":485,"column":17},"end":{"line":485,"column":30}},{"start":{"line":485,"column":34},"end":{"line":485,"column":44}},{"start":{"line":485,"column":48},"end":{"line":485,"column":56}}],"line":485},"111":{"loc":{"start":{"line":486,"column":16},"end":{"line":486,"column":36}},"type":"binary-expr","locations":[{"start":{"line":486,"column":16},"end":{"line":486,"column":28}},{"start":{"line":486,"column":32},"end":{"line":486,"column":36}}],"line":486},"112":{"loc":{"start":{"line":487,"column":16},"end":{"line":487,"column":36}},"type":"binary-expr","locations":[{"start":{"line":487,"column":16},"end":{"line":487,"column":28}},{"start":{"line":487,"column":32},"end":{"line":487,"column":36}}],"line":487},"113":{"loc":{"start":{"line":488,"column":18},"end":{"line":488,"column":40}},"type":"binary-expr","locations":[{"start":{"line":488,"column":18},"end":{"line":488,"column":32}},{"start":{"line":488,"column":36},"end":{"line":488,"column":40}}],"line":488},"114":{"loc":{"start":{"line":492,"column":11},"end":{"line":492,"column":38}},"type":"binary-expr","locations":[{"start":{"line":492,"column":11},"end":{"line":492,"column":24}},{"start":{"line":492,"column":28},"end":{"line":492,"column":38}}],"line":492},"115":{"loc":{"start":{"line":492,"column":41},"end":{"line":492,"column":82}},"type":"cond-expr","locations":[{"start":{"line":492,"column":56},"end":{"line":492,"column":77}},{"start":{"line":492,"column":80},"end":{"line":492,"column":82}}],"line":492},"116":{"loc":{"start":{"line":492,"column":85},"end":{"line":492,"column":128}},"type":"cond-expr","locations":[{"start":{"line":492,"column":100},"end":{"line":492,"column":123}},{"start":{"line":492,"column":126},"end":{"line":492,"column":128}}],"line":492},"117":{"loc":{"start":{"line":498,"column":29},"end":{"line":498,"column":39}},"type":"default-arg","locations":[{"start":{"line":498,"column":37},"end":{"line":498,"column":39}}],"line":498},"118":{"loc":{"start":{"line":500,"column":2},"end":{"line":502,"column":3}},"type":"if","locations":[{"start":{"line":500,"column":2},"end":{"line":502,"column":3}},{"start":{},"end":{}}],"line":500},"119":{"loc":{"start":{"line":508,"column":14},"end":{"line":508,"column":60}},"type":"binary-expr","locations":[{"start":{"line":508,"column":14},"end":{"line":508,"column":29}},{"start":{"line":508,"column":33},"end":{"line":508,"column":47}},{"start":{"line":508,"column":51},"end":{"line":508,"column":60}}],"line":508},"120":{"loc":{"start":{"line":509,"column":15},"end":{"line":509,"column":37}},"type":"binary-expr","locations":[{"start":{"line":509,"column":15},"end":{"line":509,"column":31}},{"start":{"line":509,"column":35},"end":{"line":509,"column":37}}],"line":509},"121":{"loc":{"start":{"line":525,"column":2},"end":{"line":528,"column":3}},"type":"if","locations":[{"start":{"line":525,"column":2},"end":{"line":528,"column":3}},{"start":{},"end":{}}],"line":525},"122":{"loc":{"start":{"line":530,"column":26},"end":{"line":532,"column":8}},"type":"cond-expr","locations":[{"start":{"line":531,"column":6},"end":{"line":531,"column":62}},{"start":{"line":532,"column":6},"end":{"line":532,"column":8}}],"line":530},"123":{"loc":{"start":{"line":530,"column":26},"end":{"line":530,"column":84}},"type":"binary-expr","locations":[{"start":{"line":530,"column":26},"end":{"line":530,"column":57}},{"start":{"line":530,"column":61},"end":{"line":530,"column":84}}],"line":530},"124":{"loc":{"start":{"line":534,"column":2},"end":{"line":541,"column":3}},"type":"if","locations":[{"start":{"line":534,"column":2},"end":{"line":541,"column":3}},{"start":{},"end":{}}],"line":534},"125":{"loc":{"start":{"line":543,"column":2},"end":{"line":549,"column":3}},"type":"if","locations":[{"start":{"line":543,"column":2},"end":{"line":549,"column":3}},{"start":{},"end":{}}],"line":543},"126":{"loc":{"start":{"line":556,"column":2},"end":{"line":558,"column":3}},"type":"if","locations":[{"start":{"line":556,"column":2},"end":{"line":558,"column":3}},{"start":{},"end":{}}],"line":556},"127":{"loc":{"start":{"line":560,"column":19},"end":{"line":560,"column":40}},"type":"binary-expr","locations":[{"start":{"line":560,"column":19},"end":{"line":560,"column":34}},{"start":{"line":560,"column":38},"end":{"line":560,"column":40}}],"line":560},"128":{"loc":{"start":{"line":561,"column":20},"end":{"line":561,"column":42}},"type":"binary-expr","locations":[{"start":{"line":561,"column":20},"end":{"line":561,"column":36}},{"start":{"line":561,"column":40},"end":{"line":561,"column":42}}],"line":561},"129":{"loc":{"start":{"line":568,"column":2},"end":{"line":570,"column":3}},"type":"if","locations":[{"start":{"line":568,"column":2},"end":{"line":570,"column":3}},{"start":{},"end":{}}],"line":568},"130":{"loc":{"start":{"line":572,"column":19},"end":{"line":572,"column":40}},"type":"binary-expr","locations":[{"start":{"line":572,"column":19},"end":{"line":572,"column":34}},{"start":{"line":572,"column":38},"end":{"line":572,"column":40}}],"line":572},"131":{"loc":{"start":{"line":573,"column":20},"end":{"line":573,"column":42}},"type":"binary-expr","locations":[{"start":{"line":573,"column":20},"end":{"line":573,"column":36}},{"start":{"line":573,"column":40},"end":{"line":573,"column":42}}],"line":573},"132":{"loc":{"start":{"line":588,"column":4},"end":{"line":588,"column":54}},"type":"if","locations":[{"start":{"line":588,"column":4},"end":{"line":588,"column":54}},{"start":{},"end":{}}],"line":588},"133":{"loc":{"start":{"line":588,"column":8},"end":{"line":588,"column":43}},"type":"binary-expr","locations":[{"start":{"line":588,"column":8},"end":{"line":588,"column":14}},{"start":{"line":588,"column":18},"end":{"line":588,"column":43}}],"line":588},"134":{"loc":{"start":{"line":589,"column":4},"end":{"line":589,"column":87}},"type":"if","locations":[{"start":{"line":589,"column":4},"end":{"line":589,"column":87}},{"start":{},"end":{}}],"line":589},"135":{"loc":{"start":{"line":589,"column":8},"end":{"line":589,"column":76}},"type":"binary-expr","locations":[{"start":{"line":589,"column":8},"end":{"line":589,"column":24}},{"start":{"line":589,"column":28},"end":{"line":589,"column":76}}],"line":589},"136":{"loc":{"start":{"line":593,"column":2},"end":{"line":595,"column":3}},"type":"if","locations":[{"start":{"line":593,"column":2},"end":{"line":595,"column":3}},{"start":{},"end":{}}],"line":593},"137":{"loc":{"start":{"line":604,"column":31},"end":{"line":604,"column":44}},"type":"default-arg","locations":[{"start":{"line":604,"column":42},"end":{"line":604,"column":44}}],"line":604},"138":{"loc":{"start":{"line":605,"column":36},"end":{"line":605,"column":50}},"type":"binary-expr","locations":[{"start":{"line":605,"column":36},"end":{"line":605,"column":44}},{"start":{"line":605,"column":48},"end":{"line":605,"column":50}}],"line":605},"139":{"loc":{"start":{"line":606,"column":2},"end":{"line":608,"column":3}},"type":"if","locations":[{"start":{"line":606,"column":2},"end":{"line":608,"column":3}},{"start":{},"end":{}}],"line":606},"140":{"loc":{"start":{"line":609,"column":2},"end":{"line":611,"column":3}},"type":"if","locations":[{"start":{"line":609,"column":2},"end":{"line":611,"column":3}},{"start":{},"end":{}}],"line":609},"141":{"loc":{"start":{"line":609,"column":6},"end":{"line":609,"column":55}},"type":"binary-expr","locations":[{"start":{"line":609,"column":6},"end":{"line":609,"column":23}},{"start":{"line":609,"column":27},"end":{"line":609,"column":55}}],"line":609},"142":{"loc":{"start":{"line":616,"column":14},"end":{"line":616,"column":28}},"type":"binary-expr","locations":[{"start":{"line":616,"column":14},"end":{"line":616,"column":22}},{"start":{"line":616,"column":26},"end":{"line":616,"column":28}}],"line":616},"143":{"loc":{"start":{"line":623,"column":36},"end":{"line":623,"column":50}},"type":"binary-expr","locations":[{"start":{"line":623,"column":36},"end":{"line":623,"column":44}},{"start":{"line":623,"column":48},"end":{"line":623,"column":50}}],"line":623},"144":{"loc":{"start":{"line":624,"column":2},"end":{"line":624,"column":40}},"type":"if","locations":[{"start":{"line":624,"column":2},"end":{"line":624,"column":40}},{"start":{},"end":{}}],"line":624},"145":{"loc":{"start":{"line":637,"column":37},"end":{"line":637,"column":65}},"type":"default-arg","locations":[{"start":{"line":637,"column":63},"end":{"line":637,"column":65}}],"line":637},"146":{"loc":{"start":{"line":637,"column":39},"end":{"line":637,"column":58}},"type":"default-arg","locations":[{"start":{"line":637,"column":54},"end":{"line":637,"column":58}}],"line":637},"147":{"loc":{"start":{"line":638,"column":2},"end":{"line":641,"column":3}},"type":"if","locations":[{"start":{"line":638,"column":2},"end":{"line":641,"column":3}},{"start":{},"end":{}}],"line":638},"148":{"loc":{"start":{"line":639,"column":4},"end":{"line":639,"column":44}},"type":"if","locations":[{"start":{"line":639,"column":4},"end":{"line":639,"column":44}},{"start":{},"end":{}}],"line":639},"149":{"loc":{"start":{"line":644,"column":2},"end":{"line":646,"column":3}},"type":"if","locations":[{"start":{"line":644,"column":2},"end":{"line":646,"column":3}},{"start":{},"end":{}}],"line":644},"150":{"loc":{"start":{"line":644,"column":6},"end":{"line":644,"column":46}},"type":"binary-expr","locations":[{"start":{"line":644,"column":6},"end":{"line":644,"column":13}},{"start":{"line":644,"column":17},"end":{"line":644,"column":46}}],"line":644},"151":{"loc":{"start":{"line":668,"column":22},"end":{"line":668,"column":43}},"type":"binary-expr","locations":[{"start":{"line":668,"column":22},"end":{"line":668,"column":38}},{"start":{"line":668,"column":42},"end":{"line":668,"column":43}}],"line":668},"152":{"loc":{"start":{"line":668,"column":45},"end":{"line":668,"column":64}},"type":"binary-expr","locations":[{"start":{"line":668,"column":45},"end":{"line":668,"column":59}},{"start":{"line":668,"column":63},"end":{"line":668,"column":64}}],"line":668},"153":{"loc":{"start":{"line":674,"column":35},"end":{"line":674,"column":53}},"type":"binary-expr","locations":[{"start":{"line":674,"column":35},"end":{"line":674,"column":47}},{"start":{"line":674,"column":51},"end":{"line":674,"column":53}}],"line":674},"154":{"loc":{"start":{"line":675,"column":2},"end":{"line":677,"column":3}},"type":"if","locations":[{"start":{"line":675,"column":2},"end":{"line":677,"column":3}},{"start":{},"end":{}}],"line":675},"155":{"loc":{"start":{"line":678,"column":2},"end":{"line":680,"column":3}},"type":"if","locations":[{"start":{"line":678,"column":2},"end":{"line":680,"column":3}},{"start":{},"end":{}}],"line":678},"156":{"loc":{"start":{"line":678,"column":6},"end":{"line":678,"column":69}},"type":"binary-expr","locations":[{"start":{"line":678,"column":6},"end":{"line":678,"column":37}},{"start":{"line":678,"column":41},"end":{"line":678,"column":69}}],"line":678},"157":{"loc":{"start":{"line":683,"column":30},"end":{"line":683,"column":44}},"type":"binary-expr","locations":[{"start":{"line":683,"column":30},"end":{"line":683,"column":38}},{"start":{"line":683,"column":42},"end":{"line":683,"column":44}}],"line":683},"158":{"loc":{"start":{"line":685,"column":2},"end":{"line":687,"column":3}},"type":"if","locations":[{"start":{"line":685,"column":2},"end":{"line":687,"column":3}},{"start":{},"end":{}}],"line":685},"159":{"loc":{"start":{"line":694,"column":13},"end":{"line":694,"column":110}},"type":"binary-expr","locations":[{"start":{"line":694,"column":13},"end":{"line":694,"column":25}},{"start":{"line":694,"column":29},"end":{"line":694,"column":110}}],"line":694},"160":{"loc":{"start":{"line":698,"column":2},"end":{"line":702,"column":3}},"type":"if","locations":[{"start":{"line":698,"column":2},"end":{"line":702,"column":3}},{"start":{"line":700,"column":9},"end":{"line":702,"column":3}}],"line":698},"161":{"loc":{"start":{"line":709,"column":37},"end":{"line":709,"column":52}},"type":"binary-expr","locations":[{"start":{"line":709,"column":37},"end":{"line":709,"column":46}},{"start":{"line":709,"column":50},"end":{"line":709,"column":52}}],"line":709},"162":{"loc":{"start":{"line":710,"column":2},"end":{"line":712,"column":3}},"type":"if","locations":[{"start":{"line":710,"column":2},"end":{"line":712,"column":3}},{"start":{},"end":{}}],"line":710},"163":{"loc":{"start":{"line":725,"column":4},"end":{"line":725,"column":51}},"type":"if","locations":[{"start":{"line":725,"column":4},"end":{"line":725,"column":51}},{"start":{},"end":{}}],"line":725},"164":{"loc":{"start":{"line":727,"column":21},"end":{"line":727,"column":48}},"type":"binary-expr","locations":[{"start":{"line":727,"column":21},"end":{"line":727,"column":42}},{"start":{"line":727,"column":46},"end":{"line":727,"column":48}}],"line":727},"165":{"loc":{"start":{"line":732,"column":15},"end":{"line":732,"column":74}},"type":"cond-expr","locations":[{"start":{"line":732,"column":36},"end":{"line":732,"column":49}},{"start":{"line":732,"column":52},"end":{"line":732,"column":74}}],"line":732},"166":{"loc":{"start":{"line":790,"column":0},"end":{"line":806,"column":1}},"type":"if","locations":[{"start":{"line":790,"column":0},"end":{"line":806,"column":1}},{"start":{},"end":{}}],"line":790}},"s":{"0":0,"1":0,"2":0,"3":0,"4":0,"5":0,"6":0,"7":0,"8":0,"9":0,"10":0,"11":0,"12":0,"13":0,"14":0,"15":0,"16":0,"17":0,"18":0,"19":0,"20":0,"21":0,"22":0,"23":0,"24":0,"25":0,"26":0,"27":0,"28":0,"29":0,"30":0,"31":0,"32":0,"33":0,"34":0,"35":0,"36":0,"37":0,"38":0,"39":0,"40":0,"41":0,"42":0,"43":0,"44":0,"45":0,"46":0,"47":0,"48":0,"49":0,"50":0,"51":0,"52":0,"53":0,"54":0,"55":0,"56":0,"57":0,"58":0,"59":0,"60":0,"61":0,"62":0,"63":0,"64":0,"65":0,"66":0,"67":0,"68":0,"69":0,"70":0,"71":0,"72":0,"73":0,"74":0,"75":0,"76":0,"77":0,"78":0,"79":0,"80":0,"81":0,"82":0,"83":0,"84":0,"85":0,"86":0,"87":0,"88":0,"89":0,"90":0,"91":0,"92":0,"93":0,"94":0,"95":0,"96":0,"97":0,"98":0,"99":0,"100":0,"101":0,"102":0,"103":0,"104":0,"105":0,"106":0,"107":0,"108":0,"109":0,"110":0,"111":0,"112":0,"113":0,"114":0,"115":0,"116":0,"117":0,"118":0,"119":0,"120":0,"121":0,"122":0,"123":0,"124":0,"125":0,"126":0,"127":0,"128":0,"129":0,"130":0,"131":0,"132":0,"133":0,"134":0,"135":0,"136":0,"137":0,"138":0,"139":0,"140":0,"141":0,"142":0,"143":0,"144":0,"145":0,"146":0,"147":0,"148":0,"149":0,"150":0,"151":0,"152":0,"153":0,"154":0,"155":0,"156":0,"157":0,"158":0,"159":0,"160":0,"161":0,"162":0,"163":0,"164":0,"165":0,"166":0,"167":0,"168":0,"169":0,"170":0,"171":0,"172":0,"173":0,"174":0,"175":0,"176":0,"177":0,"178":0,"179":0,"180":0,"181":0,"182":0,"183":0,"184":0,"185":0,"186":0,"187":0,"188":0,"189":0,"190":0,"191":0,"192":0,"193":0,"194":0,"195":0,"196":0,"197":0,"198":0,"199":0,"200":0,"201":0,"202":0,"203":0,"204":0,"205":0,"206":0,"207":0,"208":0,"209":0,"210":0,"211":0,"212":0,"213":0,"214":0,"215":0,"216":0,"217":0,"218":0,"219":0,"220":0,"221":0,"222":0,"223":0,"224":0,"225":0,"226":0,"227":0,"228":0,"229":0,"230":0,"231":0,"232":0,"233":0,"234":0,"235":0,"236":0,"237":0,"238":0,"239":0,"240":0,"241":0,"242":0,"243":0,"244":0,"245":0,"246":0,"247":0,"248":0,"249":0,"250":0,"251":0,"252":0,"253":0,"254":0,"255":0,"256":0,"257":0,"258":0,"259":0,"260":0,"261":0,"262":0,"263":0,"264":0,"265":0,"266":0,"267":0,"268":0,"269":0,"270":0,"271":0,"272":0,"273":0,"274":0,"275":0,"276":0,"277":0,"278":0,"279":0,"280":0,"281":0,"282":0,"283":0,"284":0,"285":0,"286":0,"287":0,"288":0,"289":0,"290":0,"291":0,"292":0,"293":0,"294":0,"295":0,"296":0,"297":0,"298":0,"299":0,"300":0,"301":0,"302":0,"303":0,"304":0,"305":0,"306":0,"307":0,"308":0,"309":0,"310":0,"311":0,"312":0,"313":0,"314":0,"315":0,"316":0,"317":0,"318":0,"319":0,"320":0,"321":0,"322":0,"323":0,"324":0,"325":0,"326":0,"327":0,"328":0,"329":0,"330":0,"331":0,"332":0,"333":0,"334":0,"335":0,"336":0,"337":0,"338":0,"339":0,"340":0,"341":0,"342":0,"343":0,"344":0,"345":0,"346":0,"347":0,"348":0,"349":0,"350":0,"351":0,"352":0,"353":0,"354":0,"355":0,"356":0,"357":0,"358":0,"359":0,"360":0,"361":0,"362":0,"363":0,"364":0,"365":0,"366":0},"f":{"0":0,"1":0,"2":0,"3":0,"4":0,"5":0,"6":0,"7":0,"8":0,"9":0,"10":0,"11":0,"12":0,"13":0,"14":0,"15":0,"16":0,"17":0,"18":0,"19":0,"20":0,"21":0,"22":0,"23":0,"24":0,"25":0,"26":0,"27":0,"28":0,"29":0,"30":0,"31":0,"32":0,"33":0,"34":0,"35":0,"36":0,"37":0,"38":0,"39":0,"40":0,"41":0,"42":0,"43":0,"44":0,"45":0,"46":0,"47":0,"48":0,"49":0,"50":0,"51":0,"52":0},"b":{"0":[0,0],"1":[0,0],"2":[0,0],"3":[0,0],"4":[0,0,0],"5":[0,0],"6":[0,0],"7":[0,0],"8":[0,0],"9":[0,0],"10":[0,0,0],"11":[0,0],"12":[0,0],"13":[0,0],"14":[0,0],"15":[0,0],"16":[0,0],"17":[0,0],"18":[0,0],"19":[0,0],"20":[0,0],"21":[0,0],"22":[0,0],"23":[0,0],"24":[0,0],"25":[0,0],"26":[0,0],"27":[0,0],"28":[0,0],"29":[0,0],"30":[0,0],"31":[0,0],"32":[0,0],"33":[0,0],"34":[0,0],"35":[0,0],"36":[0,0],"37":[0,0],"38":[0,0],"39":[0,0],"40":[0],"41":[0,0,0,0],"42":[0,0],"43":[0,0],"44":[0,0],"45":[0,0],"46":[0,0,0],"47":[0,0],"48":[0,0],"49":[0,0],"50":[0,0],"51":[0,0],"52":[0,0],"53":[0,0],"54":[0,0],"55":[0,0],"56":[0,0],"57":[0,0],"58":[0,0],"59":[0,0],"60":[0,0],"61":[0,0],"62":[0,0],"63":[0,0,0,0],"64":[0,0],"65":[0,0],"66":[0,0],"67":[0,0],"68":[0,0],"69":[0,0],"70":[0,0],"71":[0,0],"72":[0,0],"73":[0,0],"74":[0,0],"75":[0,0],"76":[0,0],"77":[0,0],"78":[0,0],"79":[0,0],"80":[0,0],"81":[0,0],"82":[0,0],"83":[0,0],"84":[0,0],"85":[0,0],"86":[0,0],"87":[0,0],"88":[0,0],"89":[0,0],"90":[0,0],"91":[0,0],"92":[0,0],"93":[0,0],"94":[0,0],"95":[0,0],"96":[0,0],"97":[0,0],"98":[0,0],"99":[0,0,0],"100":[0,0],"101":[0,0],"102":[0,0,0,0],"103":[0,0],"104":[0,0],"105":[0,0],"106":[0,0],"107":[0,0],"108":[0,0],"109":[0,0,0],"110":[0,0,0],"111":[0,0],"112":[0,0],"113":[0,0],"114":[0,0],"115":[0,0],"116":[0,0],"117":[0],"118":[0,0],"119":[0,0,0],"120":[0,0],"121":[0,0],"122":[0,0],"123":[0,0],"124":[0,0],"125":[0,0],"126":[0,0],"127":[0,0],"128":[0,0],"129":[0,0],"130":[0,0],"131":[0,0],"132":[0,0],"133":[0,0],"134":[0,0],"135":[0,0],"136":[0,0],"137":[0],"138":[0,0],"139":[0,0],"140":[0,0],"141":[0,0],"142":[0,0],"143":[0,0],"144":[0,0],"145":[0],"146":[0],"147":[0,0],"148":[0,0],"149":[0,0],"150":[0,0],"151":[0,0],"152":[0,0],"153":[0,0],"154":[0,0],"155":[0,0],"156":[0,0],"157":[0,0],"158":[0,0],"159":[0,0],"160":[0,0],"161":[0,0],"162":[0,0],"163":[0,0],"164":[0,0],"165":[0,0],"166":[0,0]}}
}
