TN:
SF:scripts/gates-engine.js
FN:15,computeExecutableHash
FN:60,loadGatesConfig
FN:69,(anonymous_2)
FN:85,(anonymous_3)
FN:92,(anonymous_4)
FN:106,loadJSON
FN:115,saveJSON
FN:120,loadState
FN:121,saveState
FN:123,loadConstraints
FN:124,saveConstraints
FN:126,setConstraint
FN:136,isConditionSatisfied
FN:144,satisfyCondition
FN:167,loadStats
FN:173,saveStats
FN:175,recordStat
FN:201,buildReasoning
FN:221,(anonymous_18)
FN:250,checkWhenClause
FN:262,matchesGate
FN:284,checkMetricCondition
FN:298,evaluateGatesAsync
FN:329,(anonymous_23)
FN:329,(anonymous_24)
FN:369,evaluateGates
FN:417,buildSecretGuardResult
FN:428,(anonymous_27)
FN:440,getFeedbackLoopModule
FN:448,recordSecretViolation
FN:481,(anonymous_30)
FN:491,(anonymous_31)
FN:498,evaluateSecretGuard
FN:524,formatOutput
FN:554,runAsync
FN:566,run
FN:582,loadSessionActions
FN:600,saveSessionActions
FN:604,trackAction
FN:622,hasAction
FN:629,listSessionActions
FN:633,clearSessionActions
FN:637,loadClaimGateFile
FN:650,saveCustomClaimGates
FN:655,loadClaimGates
FN:673,registerClaimGate
FN:683,(anonymous_46)
FN:690,(anonymous_47)
FN:708,verifyClaimEvidence
FN:727,(anonymous_49)
FN:737,(anonymous_50)
FN:793,(anonymous_51)
FN:794,(anonymous_52)
FNF:53
FNH:0
FNDA:0,computeExecutableHash
FNDA:0,loadGatesConfig
FNDA:0,(anonymous_2)
FNDA:0,(anonymous_3)
FNDA:0,(anonymous_4)
FNDA:0,loadJSON
FNDA:0,saveJSON
FNDA:0,loadState
FNDA:0,saveState
FNDA:0,loadConstraints
FNDA:0,saveConstraints
FNDA:0,setConstraint
FNDA:0,isConditionSatisfied
FNDA:0,satisfyCondition
FNDA:0,loadStats
FNDA:0,saveStats
FNDA:0,recordStat
FNDA:0,buildReasoning
FNDA:0,(anonymous_18)
FNDA:0,checkWhenClause
FNDA:0,matchesGate
FNDA:0,checkMetricCondition
FNDA:0,evaluateGatesAsync
FNDA:0,(anonymous_23)
FNDA:0,(anonymous_24)
FNDA:0,evaluateGates
FNDA:0,buildSecretGuardResult
FNDA:0,(anonymous_27)
FNDA:0,getFeedbackLoopModule
FNDA:0,recordSecretViolation
FNDA:0,(anonymous_30)
FNDA:0,(anonymous_31)
FNDA:0,evaluateSecretGuard
FNDA:0,formatOutput
FNDA:0,runAsync
FNDA:0,run
FNDA:0,loadSessionActions
FNDA:0,saveSessionActions
FNDA:0,trackAction
FNDA:0,hasAction
FNDA:0,listSessionActions
FNDA:0,clearSessionActions
FNDA:0,loadClaimGateFile
FNDA:0,saveCustomClaimGates
FNDA:0,loadClaimGates
FNDA:0,registerClaimGate
FNDA:0,(anonymous_46)
FNDA:0,(anonymous_47)
FNDA:0,verifyClaimEvidence
FNDA:0,(anonymous_49)
FNDA:0,(anonymous_50)
FNDA:0,(anonymous_51)
FNDA:0,(anonymous_52)
DA:4,0
DA:5,0
DA:6,0
DA:7,0
DA:9,0
DA:16,0
DA:17,0
DA:18,0
DA:19,0
DA:23,0
DA:24,0
DA:27,0
DA:30,0
DA:32,0
DA:33,0
DA:35,0
DA:42,0
DA:43,0
DA:44,0
DA:46,0
DA:47,0
DA:48,0
DA:49,0
DA:50,0
DA:51,0
DA:52,0
DA:53,0
DA:54,0
DA:61,0
DA:63,0
DA:64,0
DA:67,0
DA:69,0
DA:70,0
DA:71,0
DA:72,0
DA:73,0
DA:74,0
DA:75,0
DA:77,0
DA:79,0
DA:80,0
DA:81,0
DA:85,0
DA:86,0
DA:90,0
DA:91,0
DA:92,0
DA:93,0
DA:96,0
DA:99,0
DA:107,0
DA:108,0
DA:109,0
DA:111,0
DA:116,0
DA:117,0
DA:120,0
DA:121,0
DA:123,0
DA:124,0
DA:127,0
DA:128,0
DA:132,0
DA:133,0
DA:137,0
DA:138,0
DA:139,0
DA:140,0
DA:141,0
DA:145,0
DA:146,0
DA:150,0
DA:151,0
DA:158,0
DA:159,0
DA:160,0
DA:168,0
DA:169,0
DA:170,0
DA:173,0
DA:176,0
DA:177,0
DA:178,0
DA:179,0
DA:180,0
DA:181,0
DA:182,0
DA:183,0
DA:184,0
DA:202,0
DA:203,0
DA:206,0
DA:209,0
DA:212,0
DA:213,0
DA:214,0
DA:216,0
DA:220,0
DA:221,0
DA:222,0
DA:226,0
DA:227,0
DA:231,0
DA:232,0
DA:233,0
DA:237,0
DA:238,0
DA:239,0
DA:240,0
DA:243,0
DA:251,0
DA:253,0
DA:254,0
DA:255,0
DA:256,0
DA:259,0
DA:264,0
DA:267,0
DA:268,0
DA:269,0
DA:271,0
DA:276,0
DA:277,0
DA:278,0
DA:281,0
DA:285,0
DA:286,0
DA:287,0
DA:288,0
DA:290,0
DA:292,0
DA:293,0
DA:295,0
DA:300,0
DA:301,0
DA:303,0
DA:306,0
DA:309,0
DA:310,0
DA:312,0
DA:313,0
DA:316,0
DA:317,0
DA:321,0
DA:322,0
DA:323,0
DA:325,0
DA:327,0
DA:329,0
DA:332,0
DA:333,0
DA:334,0
DA:336,0
DA:341,0
DA:342,0
DA:345,0
DA:347,0
DA:348,0
DA:349,0
DA:350,0
DA:351,0
DA:352,0
DA:355,0
DA:356,0
DA:357,0
DA:358,0
DA:359,0
DA:360,0
DA:365,0
DA:366,0
DA:371,0
DA:372,0
DA:375,0
DA:378,0
DA:380,0
DA:381,0
DA:384,0
DA:385,0
DA:389,0
DA:390,0
DA:393,0
DA:395,0
DA:396,0
DA:397,0
DA:398,0
DA:399,0
DA:400,0
DA:403,0
DA:404,0
DA:405,0
DA:406,0
DA:407,0
DA:408,0
DA:413,0
DA:414,0
DA:418,0
DA:428,0
DA:441,0
DA:442,0
DA:444,0
DA:449,0
DA:450,0
DA:451,0
DA:454,0
DA:455,0
DA:456,0
DA:457,0
DA:458,0
DA:466,0
DA:481,0
DA:492,0
DA:499,0
DA:500,0
DA:501,0
DA:503,0
DA:504,0
DA:505,0
DA:507,0
DA:516,0
DA:517,0
DA:525,0
DA:527,0
DA:530,0
DA:534,0
DA:535,0
DA:543,0
DA:544,0
DA:551,0
DA:555,0
DA:556,0
DA:557,0
DA:560,0
DA:561,0
DA:562,0
DA:563,0
DA:567,0
DA:568,0
DA:569,0
DA:572,0
DA:573,0
DA:574,0
DA:575,0
DA:583,0
DA:584,0
DA:585,0
DA:587,0
DA:588,0
DA:589,0
DA:590,0
DA:593,0
DA:594,0
DA:597,0
DA:601,0
DA:605,0
DA:606,0
DA:607,0
DA:609,0
DA:610,0
DA:613,0
DA:614,0
DA:618,0
DA:619,0
DA:623,0
DA:624,0
DA:625,0
DA:626,0
DA:630,0
DA:634,0
DA:638,0
DA:639,0
DA:640,0
DA:643,0
DA:644,0
DA:645,0
DA:647,0
DA:651,0
DA:652,0
DA:656,0
DA:657,0
DA:658,0
DA:660,0
DA:661,0
DA:663,0
DA:664,0
DA:667,0
DA:674,0
DA:675,0
DA:676,0
DA:678,0
DA:679,0
DA:682,0
DA:683,0
DA:685,0
DA:686,0
DA:689,0
DA:690,0
DA:691,0
DA:698,0
DA:699,0
DA:701,0
DA:704,0
DA:705,0
DA:709,0
DA:710,0
DA:711,0
DA:714,0
DA:715,0
DA:716,0
DA:718,0
DA:720,0
DA:721,0
DA:723,0
DA:725,0
DA:727,0
DA:728,0
DA:736,0
DA:737,0
DA:746,0
DA:790,0
DA:791,0
DA:792,0
DA:793,0
DA:794,0
DA:795,0
DA:796,0
DA:797,0
DA:798,0
DA:799,0
DA:801,0
DA:802,0
DA:803,0
LF:332
LH:0
BRDA:17,0,0,0
BRDA:17,0,1,0
BRDA:19,1,0,0
BRDA:19,1,1,0
BRDA:27,2,0,0
BRDA:27,2,1,0
BRDA:30,3,0,0
BRDA:30,3,1,0
BRDA:30,4,0,0
BRDA:30,4,1,0
BRDA:30,4,2,0
BRDA:48,5,0,0
BRDA:48,5,1,0
BRDA:49,6,0,0
BRDA:49,6,1,0
BRDA:50,7,0,0
BRDA:50,7,1,0
BRDA:51,8,0,0
BRDA:51,8,1,0
BRDA:52,9,0,0
BRDA:52,9,1,0
BRDA:61,10,0,0
BRDA:61,10,1,0
BRDA:61,10,2,0
BRDA:63,11,0,0
BRDA:63,11,1,0
BRDA:73,12,0,0
BRDA:73,12,1,0
BRDA:73,13,0,0
BRDA:73,13,1,0
BRDA:74,14,0,0
BRDA:74,14,1,0
BRDA:79,15,0,0
BRDA:79,15,1,0
BRDA:85,16,0,0
BRDA:85,16,1,0
BRDA:91,17,0,0
BRDA:91,17,1,0
BRDA:91,18,0,0
BRDA:91,18,1,0
BRDA:92,19,0,0
BRDA:92,19,1,0
BRDA:93,20,0,0
BRDA:93,20,1,0
BRDA:107,21,0,0
BRDA:107,21,1,0
BRDA:139,22,0,0
BRDA:139,22,1,0
BRDA:148,23,0,0
BRDA:148,23,1,0
BRDA:150,24,0,0
BRDA:150,24,1,0
BRDA:150,25,0,0
BRDA:150,25,1,0
BRDA:152,26,0,0
BRDA:152,26,1,0
BRDA:153,27,0,0
BRDA:153,27,1,0
BRDA:154,28,0,0
BRDA:154,28,1,0
BRDA:155,29,0,0
BRDA:155,29,1,0
BRDA:169,30,0,0
BRDA:169,30,1,0
BRDA:177,31,0,0
BRDA:177,31,1,0
BRDA:177,32,0,0
BRDA:177,32,1,0
BRDA:178,33,0,0
BRDA:178,33,1,0
BRDA:178,34,0,0
BRDA:178,34,1,0
BRDA:179,35,0,0
BRDA:179,35,1,0
BRDA:180,36,0,0
BRDA:180,36,1,0
BRDA:181,37,0,0
BRDA:181,37,1,0
BRDA:182,38,0,0
BRDA:182,38,1,0
BRDA:183,39,0,0
BRDA:183,39,1,0
BRDA:201,40,0,0
BRDA:203,41,0,0
BRDA:203,41,1,0
BRDA:203,41,2,0
BRDA:203,41,3,0
BRDA:206,42,0,0
BRDA:206,42,1,0
BRDA:209,43,0,0
BRDA:209,43,1,0
BRDA:209,44,0,0
BRDA:209,44,1,0
BRDA:212,45,0,0
BRDA:212,45,1,0
BRDA:212,46,0,0
BRDA:212,46,1,0
BRDA:212,46,2,0
BRDA:213,47,0,0
BRDA:213,47,1,0
BRDA:214,48,0,0
BRDA:214,48,1,0
BRDA:220,49,0,0
BRDA:220,49,1,0
BRDA:220,50,0,0
BRDA:220,50,1,0
BRDA:226,51,0,0
BRDA:226,51,1,0
BRDA:231,52,0,0
BRDA:231,52,1,0
BRDA:233,53,0,0
BRDA:233,53,1,0
BRDA:233,54,0,0
BRDA:233,54,1,0
BRDA:238,55,0,0
BRDA:238,55,1,0
BRDA:239,56,0,0
BRDA:239,56,1,0
BRDA:240,57,0,0
BRDA:240,57,1,0
BRDA:240,58,0,0
BRDA:240,58,1,0
BRDA:251,59,0,0
BRDA:251,59,1,0
BRDA:251,60,0,0
BRDA:251,60,1,0
BRDA:255,61,0,0
BRDA:255,61,1,0
BRDA:255,62,0,0
BRDA:255,62,1,0
BRDA:264,63,0,0
BRDA:264,63,1,0
BRDA:264,63,2,0
BRDA:264,63,3,0
BRDA:269,64,0,0
BRDA:269,64,1,0
BRDA:276,65,0,0
BRDA:276,65,1,0
BRDA:276,66,0,0
BRDA:276,66,1,0
BRDA:278,67,0,0
BRDA:278,67,1,0
BRDA:285,68,0,0
BRDA:285,68,1,0
BRDA:287,69,0,0
BRDA:287,69,1,0
BRDA:290,70,0,0
BRDA:290,70,1,0
BRDA:292,71,0,0
BRDA:292,71,1,0
BRDA:292,72,0,0
BRDA:292,72,1,0
BRDA:293,73,0,0
BRDA:293,73,1,0
BRDA:293,74,0,0
BRDA:293,74,1,0
BRDA:313,75,0,0
BRDA:313,75,1,0
BRDA:316,76,0,0
BRDA:316,76,1,0
BRDA:316,77,0,0
BRDA:316,77,1,0
BRDA:322,78,0,0
BRDA:322,78,1,0
BRDA:323,79,0,0
BRDA:323,79,1,0
BRDA:332,80,0,0
BRDA:332,80,1,0
BRDA:333,81,0,0
BRDA:333,81,1,0
BRDA:341,82,0,0
BRDA:341,82,1,0
BRDA:341,83,0,0
BRDA:341,83,1,0
BRDA:347,84,0,0
BRDA:347,84,1,0
BRDA:355,85,0,0
BRDA:355,85,1,0
BRDA:381,86,0,0
BRDA:381,86,1,0
BRDA:384,87,0,0
BRDA:384,87,1,0
BRDA:384,88,0,0
BRDA:384,88,1,0
BRDA:389,89,0,0
BRDA:389,89,1,0
BRDA:389,90,0,0
BRDA:389,90,1,0
BRDA:395,91,0,0
BRDA:395,91,1,0
BRDA:403,92,0,0
BRDA:403,92,1,0
BRDA:431,93,0,0
BRDA:431,93,1,0
BRDA:432,94,0,0
BRDA:432,94,1,0
BRDA:433,95,0,0
BRDA:433,95,1,0
BRDA:434,96,0,0
BRDA:434,96,1,0
BRDA:450,97,0,0
BRDA:450,97,1,0
BRDA:450,98,0,0
BRDA:450,98,1,0
BRDA:454,99,0,0
BRDA:454,99,1,0
BRDA:454,99,2,0
BRDA:455,100,0,0
BRDA:455,100,1,0
BRDA:455,101,0,0
BRDA:455,101,1,0
BRDA:456,102,0,0
BRDA:456,102,1,0
BRDA:456,102,2,0
BRDA:456,102,3,0
BRDA:457,103,0,0
BRDA:457,103,1,0
BRDA:459,104,0,0
BRDA:459,104,1,0
BRDA:461,105,0,0
BRDA:461,105,1,0
BRDA:474,106,0,0
BRDA:474,106,1,0
BRDA:475,107,0,0
BRDA:475,107,1,0
BRDA:482,108,0,0
BRDA:482,108,1,0
BRDA:483,109,0,0
BRDA:483,109,1,0
BRDA:483,109,2,0
BRDA:485,110,0,0
BRDA:485,110,1,0
BRDA:485,110,2,0
BRDA:486,111,0,0
BRDA:486,111,1,0
BRDA:487,112,0,0
BRDA:487,112,1,0
BRDA:488,113,0,0
BRDA:488,113,1,0
BRDA:492,114,0,0
BRDA:492,114,1,0
BRDA:492,115,0,0
BRDA:492,115,1,0
BRDA:492,116,0,0
BRDA:492,116,1,0
BRDA:498,117,0,0
BRDA:500,118,0,0
BRDA:500,118,1,0
BRDA:508,119,0,0
BRDA:508,119,1,0
BRDA:508,119,2,0
BRDA:509,120,0,0
BRDA:509,120,1,0
BRDA:525,121,0,0
BRDA:525,121,1,0
BRDA:530,122,0,0
BRDA:530,122,1,0
BRDA:530,123,0,0
BRDA:530,123,1,0
BRDA:534,124,0,0
BRDA:534,124,1,0
BRDA:543,125,0,0
BRDA:543,125,1,0
BRDA:556,126,0,0
BRDA:556,126,1,0
BRDA:560,127,0,0
BRDA:560,127,1,0
BRDA:561,128,0,0
BRDA:561,128,1,0
BRDA:568,129,0,0
BRDA:568,129,1,0
BRDA:572,130,0,0
BRDA:572,130,1,0
BRDA:573,131,0,0
BRDA:573,131,1,0
BRDA:588,132,0,0
BRDA:588,132,1,0
BRDA:588,133,0,0
BRDA:588,133,1,0
BRDA:589,134,0,0
BRDA:589,134,1,0
BRDA:589,135,0,0
BRDA:589,135,1,0
BRDA:593,136,0,0
BRDA:593,136,1,0
BRDA:604,137,0,0
BRDA:605,138,0,0
BRDA:605,138,1,0
BRDA:606,139,0,0
BRDA:606,139,1,0
BRDA:609,140,0,0
BRDA:609,140,1,0
BRDA:609,141,0,0
BRDA:609,141,1,0
BRDA:616,142,0,0
BRDA:616,142,1,0
BRDA:623,143,0,0
BRDA:623,143,1,0
BRDA:624,144,0,0
BRDA:624,144,1,0
BRDA:637,145,0,0
BRDA:637,146,0,0
BRDA:638,147,0,0
BRDA:638,147,1,0
BRDA:639,148,0,0
BRDA:639,148,1,0
BRDA:644,149,0,0
BRDA:644,149,1,0
BRDA:644,150,0,0
BRDA:644,150,1,0
BRDA:668,151,0,0
BRDA:668,151,1,0
BRDA:668,152,0,0
BRDA:668,152,1,0
BRDA:674,153,0,0
BRDA:674,153,1,0
BRDA:675,154,0,0
BRDA:675,154,1,0
BRDA:678,155,0,0
BRDA:678,155,1,0
BRDA:678,156,0,0
BRDA:678,156,1,0
BRDA:683,157,0,0
BRDA:683,157,1,0
BRDA:685,158,0,0
BRDA:685,158,1,0
BRDA:694,159,0,0
BRDA:694,159,1,0
BRDA:698,160,0,0
BRDA:698,160,1,0
BRDA:709,161,0,0
BRDA:709,161,1,0
BRDA:710,162,0,0
BRDA:710,162,1,0
BRDA:725,163,0,0
BRDA:725,163,1,0
BRDA:727,164,0,0
BRDA:727,164,1,0
BRDA:732,165,0,0
BRDA:732,165,1,0
BRDA:790,166,0,0
BRDA:790,166,1,0
BRF:342
BRH:0
end_of_record
